12:28:48.928 [restartedMain] INFO  com.ricky.travel.TravelApplication - Starting TravelApplication on PC-201702111430 with PID 6640 (E:\idea_workplace\travel\target\classes started by Administrator in E:\idea_workplace\travel)
12:28:48.933 [restartedMain] INFO  com.ricky.travel.TravelApplication - No active profile set, falling back to default profiles: default
12:28:50.356 [restartedMain] INFO  o.a.catalina.core.StandardService - Starting service [Tomcat]
12:28:50.358 [restartedMain] INFO  o.a.catalina.core.StandardEngine - Starting Servlet Engine: Apache Tomcat/8.5.23
12:28:50.452 [localhost-startStop-1] INFO  o.a.c.c.C.[Tomcat].[localhost].[/] - Initializing Spring embedded WebApplicationContext
12:28:50.604 [restartedMain] INFO  com.zaxxer.hikari.HikariDataSource - HikariPool-1 - Started.
12:28:54.831 [restartedMain] WARN  o.t.templatemode.TemplateMode - [THYMELEAF][restartedMain] Template Mode 'HTML5' is deprecated. Using Template Mode 'HTML' instead.
12:28:55.446 [restartedMain] INFO  com.ricky.travel.TravelApplication - Started TravelApplication in 6.756 seconds (JVM running for 8.132)
12:29:02.190 [restartedMain] INFO  com.ricky.travel.TravelApplication - Starting TravelApplication on PC-201702111430 with PID 14460 (E:\idea_workplace\travel\target\classes started by Administrator in E:\idea_workplace\travel)
12:29:02.193 [restartedMain] INFO  com.ricky.travel.TravelApplication - No active profile set, falling back to default profiles: default
12:29:03.762 [restartedMain] INFO  o.a.catalina.core.StandardService - Starting service [Tomcat]
12:29:03.762 [restartedMain] INFO  o.a.catalina.core.StandardEngine - Starting Servlet Engine: Apache Tomcat/8.5.23
12:29:03.831 [localhost-startStop-1] INFO  o.a.c.c.C.[Tomcat].[localhost].[/] - Initializing Spring embedded WebApplicationContext
12:29:04.018 [restartedMain] INFO  com.zaxxer.hikari.HikariDataSource - HikariPool-1 - Started.
12:29:05.229 [restartedMain] WARN  o.t.templatemode.TemplateMode - [THYMELEAF][restartedMain] Template Mode 'HTML5' is deprecated. Using Template Mode 'HTML' instead.
12:29:05.811 [restartedMain] INFO  com.ricky.travel.TravelApplication - Started TravelApplication in 3.884 seconds (JVM running for 6.602)
12:30:08.616 [restartedMain] INFO  com.ricky.travel.TravelApplication - Starting TravelApplication on PC-201702111430 with PID 9532 (E:\idea_workplace\travel\target\classes started by Administrator in E:\idea_workplace\travel)
12:30:08.616 [restartedMain] INFO  com.ricky.travel.TravelApplication - No active profile set, falling back to default profiles: default
12:30:10.514 [restartedMain] INFO  o.a.catalina.core.StandardService - Starting service [Tomcat]
12:30:10.516 [restartedMain] INFO  o.a.catalina.core.StandardEngine - Starting Servlet Engine: Apache Tomcat/8.5.23
12:30:10.581 [localhost-startStop-1] INFO  o.a.c.c.C.[Tomcat].[localhost].[/] - Initializing Spring embedded WebApplicationContext
12:30:10.757 [restartedMain] INFO  com.zaxxer.hikari.HikariDataSource - HikariPool-1 - Started.
12:30:11.965 [restartedMain] WARN  o.t.templatemode.TemplateMode - [THYMELEAF][restartedMain] Template Mode 'HTML5' is deprecated. Using Template Mode 'HTML' instead.
12:30:12.511 [restartedMain] INFO  com.ricky.travel.TravelApplication - Started TravelApplication in 4.239 seconds (JVM running for 5.471)
12:30:16.944 [http-nio-80-exec-2] INFO  o.a.c.c.C.[Tomcat].[localhost].[/] - Initializing Spring FrameworkServlet 'dispatcherServlet'
12:31:54.307 [restartedMain] INFO  com.ricky.travel.TravelApplication - Starting TravelApplication on PC-201702111430 with PID 4716 (E:\idea_workplace\travel\target\classes started by Administrator in E:\idea_workplace\travel)
12:31:54.307 [restartedMain] INFO  com.ricky.travel.TravelApplication - No active profile set, falling back to default profiles: default
12:31:55.934 [restartedMain] INFO  o.a.catalina.core.StandardService - Starting service [Tomcat]
12:31:55.934 [restartedMain] INFO  o.a.catalina.core.StandardEngine - Starting Servlet Engine: Apache Tomcat/8.5.23
12:31:55.997 [localhost-startStop-1] INFO  o.a.c.c.C.[Tomcat].[localhost].[/] - Initializing Spring embedded WebApplicationContext
12:31:56.169 [restartedMain] INFO  com.zaxxer.hikari.HikariDataSource - HikariPool-1 - Started.
12:31:57.325 [restartedMain] WARN  o.t.templatemode.TemplateMode - [THYMELEAF][restartedMain] Template Mode 'HTML5' is deprecated. Using Template Mode 'HTML' instead.
12:31:57.887 [restartedMain] INFO  com.ricky.travel.TravelApplication - Started TravelApplication in 3.877 seconds (JVM running for 5.182)
12:32:03.870 [http-nio-80-exec-3] INFO  o.a.c.c.C.[Tomcat].[localhost].[/] - Initializing Spring FrameworkServlet 'dispatcherServlet'
12:32:42.244 [HikariPool-1 housekeeper] WARN  com.zaxxer.hikari.pool.HikariPool - HikariPool-1 - Thread starvation or clock leap detected (housekeeper delta=45s832ms520µs48ns).
12:36:05.423 [restartedMain] INFO  com.ricky.travel.TravelApplication - Starting TravelApplication on PC-201702111430 with PID 10828 (E:\idea_workplace\travel\target\classes started by Administrator in E:\idea_workplace\travel)
12:36:05.423 [restartedMain] INFO  com.ricky.travel.TravelApplication - No active profile set, falling back to default profiles: default
12:36:06.881 [restartedMain] INFO  o.a.catalina.core.StandardService - Starting service [Tomcat]
12:36:06.881 [restartedMain] INFO  o.a.catalina.core.StandardEngine - Starting Servlet Engine: Apache Tomcat/8.5.23
12:36:06.959 [localhost-startStop-1] INFO  o.a.c.c.C.[Tomcat].[localhost].[/] - Initializing Spring embedded WebApplicationContext
12:36:07.147 [restartedMain] INFO  com.zaxxer.hikari.HikariDataSource - HikariPool-1 - Started.
12:36:08.444 [restartedMain] WARN  o.t.templatemode.TemplateMode - [THYMELEAF][restartedMain] Template Mode 'HTML5' is deprecated. Using Template Mode 'HTML' instead.
12:36:09.006 [restartedMain] INFO  com.ricky.travel.TravelApplication - Started TravelApplication in 3.849 seconds (JVM running for 5.089)
12:36:15.224 [http-nio-80-exec-2] INFO  o.a.c.c.C.[Tomcat].[localhost].[/] - Initializing Spring FrameworkServlet 'dispatcherServlet'
12:36:16.919 [http-nio-80-exec-10] DEBUG c.r.t.d.C.selectByExample - ==>  Preparing: select Country_ID, Country_Nname from country WHERE ( Country_ID is not null ) 
12:36:16.932 [http-nio-80-exec-10] DEBUG c.r.t.d.C.selectByExample - ==> Parameters: 
12:36:16.934 [http-nio-80-exec-10] DEBUG c.r.t.d.C.selectByExample - <==      Total: 11
12:36:18.644 [http-nio-80-exec-5] DEBUG c.r.t.d.P.selectByExample - ==>  Preparing: select Province_Id, Country_ID, Province_Name from province WHERE ( Country_ID = ? ) 
12:36:18.645 [http-nio-80-exec-5] DEBUG c.r.t.d.P.selectByExample - ==> Parameters: 1(Integer)
12:36:18.649 [http-nio-80-exec-5] DEBUG c.r.t.d.P.selectByExample - <==      Total: 34
12:36:20.017 [http-nio-80-exec-2] DEBUG c.r.t.d.CityVOMapper.selectByExample - ==>  Preparing: select City_Id, Province_Id, City_Name from city WHERE ( Province_Id = ? ) 
12:36:20.017 [http-nio-80-exec-2] DEBUG c.r.t.d.CityVOMapper.selectByExample - ==> Parameters: 1(Integer)
12:36:20.019 [http-nio-80-exec-2] DEBUG c.r.t.d.CityVOMapper.selectByExample - <==      Total: 18
12:38:10.646 [HikariPool-1 housekeeper] WARN  com.zaxxer.hikari.pool.HikariPool - HikariPool-1 - Thread starvation or clock leap detected (housekeeper delta=1m33s236ms633µs238ns).
12:45:40.760 [restartedMain] INFO  com.ricky.travel.TravelApplication - Starting TravelApplication on PC-201702111430 with PID 15668 (E:\idea_workplace\travel\target\classes started by Administrator in E:\idea_workplace\travel)
12:45:40.776 [restartedMain] INFO  com.ricky.travel.TravelApplication - No active profile set, falling back to default profiles: default
12:45:42.183 [restartedMain] INFO  o.a.catalina.core.StandardService - Starting service [Tomcat]
12:45:42.183 [restartedMain] INFO  o.a.catalina.core.StandardEngine - Starting Servlet Engine: Apache Tomcat/8.5.23
12:45:42.246 [localhost-startStop-1] INFO  o.a.c.c.C.[Tomcat].[localhost].[/] - Initializing Spring embedded WebApplicationContext
12:45:42.433 [restartedMain] INFO  com.zaxxer.hikari.HikariDataSource - HikariPool-1 - Started.
12:45:43.699 [restartedMain] WARN  o.t.templatemode.TemplateMode - [THYMELEAF][restartedMain] Template Mode 'HTML5' is deprecated. Using Template Mode 'HTML' instead.
12:45:44.340 [restartedMain] INFO  com.ricky.travel.TravelApplication - Started TravelApplication in 3.83 seconds (JVM running for 5.094)
12:45:49.186 [http-nio-80-exec-2] INFO  o.a.c.c.C.[Tomcat].[localhost].[/] - Initializing Spring FrameworkServlet 'dispatcherServlet'
12:45:51.727 [http-nio-80-exec-10] DEBUG c.r.t.d.C.selectByExample - ==>  Preparing: select Country_ID, Country_Nname from country WHERE ( Country_ID is not null ) 
12:45:51.739 [http-nio-80-exec-10] DEBUG c.r.t.d.C.selectByExample - ==> Parameters: 
12:45:51.750 [http-nio-80-exec-10] DEBUG c.r.t.d.C.selectByExample - <==      Total: 11
12:45:55.500 [http-nio-80-exec-6] DEBUG c.r.t.d.P.selectByExample - ==>  Preparing: select Province_Id, Country_ID, Province_Name from province WHERE ( Country_ID = ? ) 
12:45:55.501 [http-nio-80-exec-6] DEBUG c.r.t.d.P.selectByExample - ==> Parameters: 1(Integer)
12:45:55.505 [http-nio-80-exec-6] DEBUG c.r.t.d.P.selectByExample - <==      Total: 34
12:45:58.180 [http-nio-80-exec-7] DEBUG c.r.t.d.CityVOMapper.selectByExample - ==>  Preparing: select City_Id, Province_Id, City_Name from city WHERE ( Province_Id = ? ) 
12:45:58.180 [http-nio-80-exec-7] DEBUG c.r.t.d.CityVOMapper.selectByExample - ==> Parameters: 1(Integer)
12:45:58.183 [http-nio-80-exec-7] DEBUG c.r.t.d.CityVOMapper.selectByExample - <==      Total: 18
12:46:35.169 [restartedMain] INFO  com.ricky.travel.TravelApplication - Starting TravelApplication on PC-201702111430 with PID 16200 (E:\idea_workplace\travel\target\classes started by Administrator in E:\idea_workplace\travel)
12:46:35.185 [restartedMain] INFO  com.ricky.travel.TravelApplication - No active profile set, falling back to default profiles: default
12:46:36.748 [restartedMain] INFO  o.a.catalina.core.StandardService - Starting service [Tomcat]
12:46:36.748 [restartedMain] INFO  o.a.catalina.core.StandardEngine - Starting Servlet Engine: Apache Tomcat/8.5.23
12:46:36.811 [localhost-startStop-1] INFO  o.a.c.c.C.[Tomcat].[localhost].[/] - Initializing Spring embedded WebApplicationContext
12:46:36.998 [restartedMain] INFO  com.zaxxer.hikari.HikariDataSource - HikariPool-1 - Started.
12:46:38.155 [restartedMain] WARN  o.t.templatemode.TemplateMode - [THYMELEAF][restartedMain] Template Mode 'HTML5' is deprecated. Using Template Mode 'HTML' instead.
12:46:38.733 [restartedMain] INFO  com.ricky.travel.TravelApplication - Started TravelApplication in 3.829 seconds (JVM running for 5.024)
12:46:42.740 [http-nio-80-exec-2] INFO  o.a.c.c.C.[Tomcat].[localhost].[/] - Initializing Spring FrameworkServlet 'dispatcherServlet'
12:46:44.531 [http-nio-80-exec-8] DEBUG c.r.t.d.C.selectByExample - ==>  Preparing: select Country_ID, Country_Nname from country WHERE ( Country_ID is not null ) 
12:46:44.544 [http-nio-80-exec-8] DEBUG c.r.t.d.C.selectByExample - ==> Parameters: 
12:46:44.544 [http-nio-80-exec-8] DEBUG c.r.t.d.C.selectByExample - <==      Total: 11
12:46:45.808 [http-nio-80-exec-6] DEBUG c.r.t.d.P.selectByExample - ==>  Preparing: select Province_Id, Country_ID, Province_Name from province WHERE ( Country_ID = ? ) 
12:46:45.808 [http-nio-80-exec-6] DEBUG c.r.t.d.P.selectByExample - ==> Parameters: 1(Integer)
12:46:45.812 [http-nio-80-exec-6] DEBUG c.r.t.d.P.selectByExample - <==      Total: 34
12:46:46.746 [http-nio-80-exec-9] DEBUG c.r.t.d.CityVOMapper.selectByExample - ==>  Preparing: select City_Id, Province_Id, City_Name from city WHERE ( Province_Id = ? ) 
12:46:46.747 [http-nio-80-exec-9] DEBUG c.r.t.d.CityVOMapper.selectByExample - ==> Parameters: 1(Integer)
12:46:46.749 [http-nio-80-exec-9] DEBUG c.r.t.d.CityVOMapper.selectByExample - <==      Total: 18
12:53:25.035 [restartedMain] INFO  com.ricky.travel.TravelApplication - Starting TravelApplication on PC-201702111430 with PID 12724 (E:\idea_workplace\travel\target\classes started by Administrator in E:\idea_workplace\travel)
12:53:25.042 [restartedMain] INFO  com.ricky.travel.TravelApplication - No active profile set, falling back to default profiles: default
12:53:26.616 [restartedMain] INFO  o.a.catalina.core.StandardService - Starting service [Tomcat]
12:53:26.616 [restartedMain] INFO  o.a.catalina.core.StandardEngine - Starting Servlet Engine: Apache Tomcat/8.5.23
12:53:26.679 [localhost-startStop-1] INFO  o.a.c.c.C.[Tomcat].[localhost].[/] - Initializing Spring embedded WebApplicationContext
12:53:26.851 [restartedMain] INFO  com.zaxxer.hikari.HikariDataSource - HikariPool-1 - Started.
12:53:28.056 [restartedMain] WARN  o.t.templatemode.TemplateMode - [THYMELEAF][restartedMain] Template Mode 'HTML5' is deprecated. Using Template Mode 'HTML' instead.
12:53:28.617 [restartedMain] INFO  com.ricky.travel.TravelApplication - Started TravelApplication in 3.902 seconds (JVM running for 4.921)
12:53:53.327 [http-nio-80-exec-1] INFO  o.a.c.c.C.[Tomcat].[localhost].[/] - Initializing Spring FrameworkServlet 'dispatcherServlet'
12:56:52.255 [HikariPool-1 housekeeper] WARN  com.zaxxer.hikari.pool.HikariPool - HikariPool-1 - Thread starvation or clock leap detected (housekeeper delta=2m55s134ms764µs922ns).
12:56:54.475 [restartedMain] INFO  com.ricky.travel.TravelApplication - Starting TravelApplication on PC-201702111430 with PID 10000 (E:\idea_workplace\travel\target\classes started by Administrator in E:\idea_workplace\travel)
12:56:54.478 [restartedMain] INFO  com.ricky.travel.TravelApplication - No active profile set, falling back to default profiles: default
12:56:56.226 [restartedMain] INFO  o.a.catalina.core.StandardService - Starting service [Tomcat]
12:56:56.227 [restartedMain] INFO  o.a.catalina.core.StandardEngine - Starting Servlet Engine: Apache Tomcat/8.5.23
12:56:56.291 [localhost-startStop-1] INFO  o.a.c.c.C.[Tomcat].[localhost].[/] - Initializing Spring embedded WebApplicationContext
12:56:56.529 [restartedMain] INFO  com.zaxxer.hikari.HikariDataSource - HikariPool-1 - Started.
12:56:57.724 [restartedMain] WARN  o.t.templatemode.TemplateMode - [THYMELEAF][restartedMain] Template Mode 'HTML5' is deprecated. Using Template Mode 'HTML' instead.
12:56:58.342 [restartedMain] INFO  com.ricky.travel.TravelApplication - Started TravelApplication in 4.139 seconds (JVM running for 5.123)
12:56:58.452 [http-nio-80-exec-6] INFO  o.a.c.c.C.[Tomcat].[localhost].[/] - Initializing Spring FrameworkServlet 'dispatcherServlet'
12:57:20.639 [restartedMain] INFO  com.ricky.travel.TravelApplication - Starting TravelApplication on PC-201702111430 with PID 5440 (E:\idea_workplace\travel\target\classes started by Administrator in E:\idea_workplace\travel)
12:57:20.641 [restartedMain] INFO  com.ricky.travel.TravelApplication - No active profile set, falling back to default profiles: default
12:57:22.069 [restartedMain] INFO  o.a.catalina.core.StandardService - Starting service [Tomcat]
12:57:22.069 [restartedMain] INFO  o.a.catalina.core.StandardEngine - Starting Servlet Engine: Apache Tomcat/8.5.23
12:57:22.147 [localhost-startStop-1] INFO  o.a.c.c.C.[Tomcat].[localhost].[/] - Initializing Spring embedded WebApplicationContext
12:57:22.319 [restartedMain] INFO  com.zaxxer.hikari.HikariDataSource - HikariPool-1 - Started.
12:57:23.462 [restartedMain] WARN  o.t.templatemode.TemplateMode - [THYMELEAF][restartedMain] Template Mode 'HTML5' is deprecated. Using Template Mode 'HTML' instead.
12:57:24.024 [restartedMain] INFO  com.ricky.travel.TravelApplication - Started TravelApplication in 3.713 seconds (JVM running for 5.143)
12:57:25.675 [http-nio-80-exec-2] INFO  o.a.c.c.C.[Tomcat].[localhost].[/] - Initializing Spring FrameworkServlet 'dispatcherServlet'
12:59:16.646 [restartedMain] INFO  com.ricky.travel.TravelApplication - Starting TravelApplication on PC-201702111430 with PID 1552 (E:\idea_workplace\travel\target\classes started by Administrator in E:\idea_workplace\travel)
12:59:16.646 [restartedMain] INFO  com.ricky.travel.TravelApplication - No active profile set, falling back to default profiles: default
12:59:18.282 [restartedMain] INFO  o.a.catalina.core.StandardService - Starting service [Tomcat]
12:59:18.282 [restartedMain] INFO  o.a.catalina.core.StandardEngine - Starting Servlet Engine: Apache Tomcat/8.5.23
12:59:18.345 [localhost-startStop-1] INFO  o.a.c.c.C.[Tomcat].[localhost].[/] - Initializing Spring embedded WebApplicationContext
12:59:18.524 [restartedMain] INFO  com.zaxxer.hikari.HikariDataSource - HikariPool-1 - Started.
12:59:19.649 [restartedMain] WARN  o.t.templatemode.TemplateMode - [THYMELEAF][restartedMain] Template Mode 'HTML5' is deprecated. Using Template Mode 'HTML' instead.
12:59:20.212 [restartedMain] INFO  com.ricky.travel.TravelApplication - Started TravelApplication in 3.78 seconds (JVM running for 4.954)
12:59:29.249 [http-nio-80-exec-2] INFO  o.a.c.c.C.[Tomcat].[localhost].[/] - Initializing Spring FrameworkServlet 'dispatcherServlet'
13:09:30.605 [HikariPool-1 housekeeper] WARN  com.zaxxer.hikari.pool.HikariPool - HikariPool-1 - Thread starvation or clock leap detected (housekeeper delta=10m11s830ms563µs158ns).
13:09:33.144 [restartedMain] INFO  com.ricky.travel.TravelApplication - Starting TravelApplication on PC-201702111430 with PID 15664 (E:\idea_workplace\travel\target\classes started by Administrator in E:\idea_workplace\travel)
13:09:33.153 [restartedMain] INFO  com.ricky.travel.TravelApplication - No active profile set, falling back to default profiles: default
13:09:34.791 [restartedMain] INFO  o.a.catalina.core.StandardService - Starting service [Tomcat]
13:09:34.791 [restartedMain] INFO  o.a.catalina.core.StandardEngine - Starting Servlet Engine: Apache Tomcat/8.5.23
13:09:34.865 [localhost-startStop-1] INFO  o.a.c.c.C.[Tomcat].[localhost].[/] - Initializing Spring embedded WebApplicationContext
13:09:35.036 [restartedMain] INFO  com.zaxxer.hikari.HikariDataSource - HikariPool-1 - Started.
13:09:36.190 [restartedMain] WARN  o.t.templatemode.TemplateMode - [THYMELEAF][restartedMain] Template Mode 'HTML5' is deprecated. Using Template Mode 'HTML' instead.
13:09:36.728 [restartedMain] INFO  com.ricky.travel.TravelApplication - Started TravelApplication in 3.817 seconds (JVM running for 4.991)
13:09:40.339 [http-nio-80-exec-2] INFO  o.a.c.c.C.[Tomcat].[localhost].[/] - Initializing Spring FrameworkServlet 'dispatcherServlet'
13:09:45.335 [http-nio-80-exec-4] DEBUG c.r.t.d.C.selectByExample - ==>  Preparing: select Country_ID, Country_Nname from country WHERE ( Country_ID is not null ) 
13:09:45.349 [http-nio-80-exec-4] DEBUG c.r.t.d.C.selectByExample - ==> Parameters: 
13:09:45.360 [http-nio-80-exec-4] DEBUG c.r.t.d.C.selectByExample - <==      Total: 11
13:09:46.519 [http-nio-80-exec-1] DEBUG c.r.t.d.P.selectByExample - ==>  Preparing: select Province_Id, Country_ID, Province_Name from province WHERE ( Country_ID = ? ) 
13:09:46.519 [http-nio-80-exec-1] DEBUG c.r.t.d.P.selectByExample - ==> Parameters: 1(Integer)
13:09:46.541 [http-nio-80-exec-1] DEBUG c.r.t.d.P.selectByExample - <==      Total: 34
13:09:47.625 [http-nio-80-exec-3] DEBUG c.r.t.d.CityVOMapper.selectByExample - ==>  Preparing: select City_Id, Province_Id, City_Name from city WHERE ( Province_Id = ? ) 
13:09:47.625 [http-nio-80-exec-3] DEBUG c.r.t.d.CityVOMapper.selectByExample - ==> Parameters: 1(Integer)
13:09:47.628 [http-nio-80-exec-3] DEBUG c.r.t.d.CityVOMapper.selectByExample - <==      Total: 18
13:16:19.506 [HikariPool-1 housekeeper] WARN  com.zaxxer.hikari.pool.HikariPool - HikariPool-1 - Thread starvation or clock leap detected (housekeeper delta=6m14s204ms413µs846ns).
13:16:21.639 [restartedMain] INFO  com.ricky.travel.TravelApplication - Starting TravelApplication on PC-201702111430 with PID 3020 (E:\idea_workplace\travel\target\classes started by Administrator in E:\idea_workplace\travel)
13:16:21.643 [restartedMain] INFO  com.ricky.travel.TravelApplication - No active profile set, falling back to default profiles: default
13:16:23.341 [restartedMain] INFO  o.a.catalina.core.StandardService - Starting service [Tomcat]
13:16:23.341 [restartedMain] INFO  o.a.catalina.core.StandardEngine - Starting Servlet Engine: Apache Tomcat/8.5.23
13:16:23.415 [localhost-startStop-1] INFO  o.a.c.c.C.[Tomcat].[localhost].[/] - Initializing Spring embedded WebApplicationContext
13:16:23.588 [restartedMain] INFO  com.zaxxer.hikari.HikariDataSource - HikariPool-1 - Started.
13:16:24.746 [restartedMain] WARN  o.t.templatemode.TemplateMode - [THYMELEAF][restartedMain] Template Mode 'HTML5' is deprecated. Using Template Mode 'HTML' instead.
13:16:25.293 [restartedMain] INFO  com.ricky.travel.TravelApplication - Started TravelApplication in 3.959 seconds (JVM running for 5.068)
13:16:31.873 [http-nio-80-exec-4] INFO  o.a.c.c.C.[Tomcat].[localhost].[/] - Initializing Spring FrameworkServlet 'dispatcherServlet'
13:23:55.576 [HikariPool-1 housekeeper] WARN  com.zaxxer.hikari.pool.HikariPool - HikariPool-1 - Thread starvation or clock leap detected (housekeeper delta=7m31s730ms636µs975ns).
13:23:59.000 [restartedMain] INFO  com.ricky.travel.TravelApplication - Starting TravelApplication on PC-201702111430 with PID 12432 (E:\idea_workplace\travel\target\classes started by Administrator in E:\idea_workplace\travel)
13:23:59.002 [restartedMain] INFO  com.ricky.travel.TravelApplication - No active profile set, falling back to default profiles: default
13:24:00.560 [restartedMain] INFO  o.a.catalina.core.StandardService - Starting service [Tomcat]
13:24:00.561 [restartedMain] INFO  o.a.catalina.core.StandardEngine - Starting Servlet Engine: Apache Tomcat/8.5.23
13:24:00.629 [localhost-startStop-1] INFO  o.a.c.c.C.[Tomcat].[localhost].[/] - Initializing Spring embedded WebApplicationContext
13:24:00.807 [restartedMain] INFO  com.zaxxer.hikari.HikariDataSource - HikariPool-1 - Started.
13:24:02.028 [restartedMain] WARN  o.t.templatemode.TemplateMode - [THYMELEAF][restartedMain] Template Mode 'HTML5' is deprecated. Using Template Mode 'HTML' instead.
13:24:02.631 [restartedMain] INFO  com.ricky.travel.TravelApplication - Started TravelApplication in 3.909 seconds (JVM running for 4.99)
13:24:02.681 [http-nio-80-exec-1] INFO  o.a.c.c.C.[Tomcat].[localhost].[/] - Initializing Spring FrameworkServlet 'dispatcherServlet'
13:43:06.194 [HikariPool-1 housekeeper] WARN  com.zaxxer.hikari.pool.HikariPool - HikariPool-1 - Thread starvation or clock leap detected (housekeeper delta=17m57s956ms943µs607ns).
13:43:09.533 [restartedMain] INFO  com.ricky.travel.TravelApplication - Starting TravelApplication on PC-201702111430 with PID 11696 (E:\idea_workplace\travel\target\classes started by Administrator in E:\idea_workplace\travel)
13:43:09.535 [restartedMain] INFO  com.ricky.travel.TravelApplication - No active profile set, falling back to default profiles: default
13:43:11.144 [restartedMain] INFO  o.a.catalina.core.StandardService - Starting service [Tomcat]
13:43:11.145 [restartedMain] INFO  o.a.catalina.core.StandardEngine - Starting Servlet Engine: Apache Tomcat/8.5.23
13:43:11.230 [localhost-startStop-1] INFO  o.a.c.c.C.[Tomcat].[localhost].[/] - Initializing Spring embedded WebApplicationContext
13:43:11.398 [restartedMain] INFO  com.zaxxer.hikari.HikariDataSource - HikariPool-1 - Started.
13:43:12.562 [restartedMain] WARN  o.t.templatemode.TemplateMode - [THYMELEAF][restartedMain] Template Mode 'HTML5' is deprecated. Using Template Mode 'HTML' instead.
13:43:13.160 [restartedMain] INFO  com.ricky.travel.TravelApplication - Started TravelApplication in 3.956 seconds (JVM running for 5.059)
13:43:17.153 [http-nio-80-exec-5] INFO  o.a.c.c.C.[Tomcat].[localhost].[/] - Initializing Spring FrameworkServlet 'dispatcherServlet'
13:43:21.922 [http-nio-80-exec-5] DEBUG c.r.t.d.C.selectByExample - ==>  Preparing: select Country_ID, Country_Nname from country WHERE ( Country_ID is not null ) 
13:43:21.935 [http-nio-80-exec-5] DEBUG c.r.t.d.C.selectByExample - ==> Parameters: 
13:43:21.945 [http-nio-80-exec-5] DEBUG c.r.t.d.C.selectByExample - <==      Total: 11
13:43:23.538 [http-nio-80-exec-4] DEBUG c.r.t.d.P.selectByExample - ==>  Preparing: select Province_Id, Country_ID, Province_Name from province WHERE ( Country_ID = ? ) 
13:43:23.539 [http-nio-80-exec-4] DEBUG c.r.t.d.P.selectByExample - ==> Parameters: 1(Integer)
13:43:23.545 [http-nio-80-exec-4] DEBUG c.r.t.d.P.selectByExample - <==      Total: 34
13:43:24.476 [http-nio-80-exec-10] DEBUG c.r.t.d.CityVOMapper.selectByExample - ==>  Preparing: select City_Id, Province_Id, City_Name from city WHERE ( Province_Id = ? ) 
13:43:24.477 [http-nio-80-exec-10] DEBUG c.r.t.d.CityVOMapper.selectByExample - ==> Parameters: 1(Integer)
13:43:24.480 [http-nio-80-exec-10] DEBUG c.r.t.d.CityVOMapper.selectByExample - <==      Total: 18
13:44:59.697 [restartedMain] INFO  com.ricky.travel.TravelApplication - Starting TravelApplication on PC-201702111430 with PID 2820 (E:\idea_workplace\travel\target\classes started by Administrator in E:\idea_workplace\travel)
13:44:59.699 [restartedMain] INFO  com.ricky.travel.TravelApplication - No active profile set, falling back to default profiles: default
13:45:01.253 [restartedMain] INFO  o.a.catalina.core.StandardService - Starting service [Tomcat]
13:45:01.254 [restartedMain] INFO  o.a.catalina.core.StandardEngine - Starting Servlet Engine: Apache Tomcat/8.5.23
13:45:01.321 [localhost-startStop-1] INFO  o.a.c.c.C.[Tomcat].[localhost].[/] - Initializing Spring embedded WebApplicationContext
13:45:01.506 [restartedMain] INFO  com.zaxxer.hikari.HikariDataSource - HikariPool-1 - Started.
13:45:02.747 [restartedMain] WARN  o.t.templatemode.TemplateMode - [THYMELEAF][restartedMain] Template Mode 'HTML5' is deprecated. Using Template Mode 'HTML' instead.
13:45:03.319 [restartedMain] INFO  com.ricky.travel.TravelApplication - Started TravelApplication in 3.894 seconds (JVM running for 4.934)
13:45:12.513 [http-nio-80-exec-2] INFO  o.a.c.c.C.[Tomcat].[localhost].[/] - Initializing Spring FrameworkServlet 'dispatcherServlet'
13:55:42.358 [HikariPool-1 housekeeper] WARN  com.zaxxer.hikari.pool.HikariPool - HikariPool-1 - Thread starvation or clock leap detected (housekeeper delta=10m40s598ms216µs150ns).
14:01:08.603 [HikariPool-1 housekeeper] WARN  com.zaxxer.hikari.pool.HikariPool - HikariPool-1 - Thread starvation or clock leap detected (housekeeper delta=5m26s245ms512µs65ns).
14:01:11.434 [restartedMain] INFO  com.ricky.travel.TravelApplication - Starting TravelApplication on PC-201702111430 with PID 6332 (E:\idea_workplace\travel\target\classes started by Administrator in E:\idea_workplace\travel)
14:01:11.438 [restartedMain] INFO  com.ricky.travel.TravelApplication - No active profile set, falling back to default profiles: default
14:01:12.949 [restartedMain] INFO  o.a.catalina.core.StandardService - Starting service [Tomcat]
14:01:12.950 [restartedMain] INFO  o.a.catalina.core.StandardEngine - Starting Servlet Engine: Apache Tomcat/8.5.23
14:01:13.015 [localhost-startStop-1] INFO  o.a.c.c.C.[Tomcat].[localhost].[/] - Initializing Spring embedded WebApplicationContext
14:01:13.191 [restartedMain] INFO  com.zaxxer.hikari.HikariDataSource - HikariPool-1 - Started.
14:01:14.358 [restartedMain] WARN  o.t.templatemode.TemplateMode - [THYMELEAF][restartedMain] Template Mode 'HTML5' is deprecated. Using Template Mode 'HTML' instead.
14:01:14.932 [restartedMain] INFO  com.ricky.travel.TravelApplication - Started TravelApplication in 3.755 seconds (JVM running for 4.672)
14:01:17.389 [http-nio-80-exec-2] INFO  o.a.c.c.C.[Tomcat].[localhost].[/] - Initializing Spring FrameworkServlet 'dispatcherServlet'
14:02:09.578 [HikariPool-1 housekeeper] WARN  com.zaxxer.hikari.pool.HikariPool - HikariPool-1 - Thread starvation or clock leap detected (housekeeper delta=56s141ms72µs524ns).
14:03:43.980 [HikariPool-1 housekeeper] WARN  com.zaxxer.hikari.pool.HikariPool - HikariPool-1 - Thread starvation or clock leap detected (housekeeper delta=1m34s401ms414µs607ns).
14:03:44.004 [http-nio-80-exec-9] ERROR org.thymeleaf.TemplateEngine - [THYMELEAF][http-nio-80-exec-9] Exception processing template "admin/validate": Error resolving template "admin/validate", template might not exist or might not be accessible by any of the configured Template Resolvers
org.thymeleaf.exceptions.TemplateInputException: Error resolving template "admin/validate", template might not exist or might not be accessible by any of the configured Template Resolvers
	at org.thymeleaf.engine.TemplateManager.resolveTemplate(TemplateManager.java:865)
	at org.thymeleaf.engine.TemplateManager.parseAndProcess(TemplateManager.java:608)
	at org.thymeleaf.TemplateEngine.process(TemplateEngine.java:1087)
	at org.thymeleaf.TemplateEngine.process(TemplateEngine.java:1061)
	at org.thymeleaf.spring4.view.ThymeleafView.renderFragment(ThymeleafView.java:335)
	at org.thymeleaf.spring4.view.ThymeleafView.render(ThymeleafView.java:189)
	at org.springframework.web.servlet.DispatcherServlet.render(DispatcherServlet.java:1286)
	at org.springframework.web.servlet.DispatcherServlet.processDispatchResult(DispatcherServlet.java:1041)
	at org.springframework.web.servlet.DispatcherServlet.doDispatch(DispatcherServlet.java:984)
	at org.springframework.web.servlet.DispatcherServlet.doService(DispatcherServlet.java:901)
	at org.springframework.web.servlet.FrameworkServlet.processRequest(FrameworkServlet.java:970)
	at org.springframework.web.servlet.FrameworkServlet.doGet(FrameworkServlet.java:861)
	at javax.servlet.http.HttpServlet.service(HttpServlet.java:635)
	at org.springframework.web.servlet.FrameworkServlet.service(FrameworkServlet.java:846)
	at javax.servlet.http.HttpServlet.service(HttpServlet.java:742)
	at org.apache.catalina.core.ApplicationFilterChain.internalDoFilter(ApplicationFilterChain.java:231)
	at org.apache.catalina.core.ApplicationFilterChain.doFilter(ApplicationFilterChain.java:166)
	at org.apache.tomcat.websocket.server.WsFilter.doFilter(WsFilter.java:52)
	at org.apache.catalina.core.ApplicationFilterChain.internalDoFilter(ApplicationFilterChain.java:193)
	at org.apache.catalina.core.ApplicationFilterChain.doFilter(ApplicationFilterChain.java:166)
	at org.springframework.web.filter.RequestContextFilter.doFilterInternal(RequestContextFilter.java:99)
	at org.springframework.web.filter.OncePerRequestFilter.doFilter(OncePerRequestFilter.java:107)
	at org.apache.catalina.core.ApplicationFilterChain.internalDoFilter(ApplicationFilterChain.java:193)
	at org.apache.catalina.core.ApplicationFilterChain.doFilter(ApplicationFilterChain.java:166)
	at org.springframework.web.filter.HttpPutFormContentFilter.doFilterInternal(HttpPutFormContentFilter.java:108)
	at org.springframework.web.filter.OncePerRequestFilter.doFilter(OncePerRequestFilter.java:107)
	at org.apache.catalina.core.ApplicationFilterChain.internalDoFilter(ApplicationFilterChain.java:193)
	at org.apache.catalina.core.ApplicationFilterChain.doFilter(ApplicationFilterChain.java:166)
	at org.springframework.web.filter.HiddenHttpMethodFilter.doFilterInternal(HiddenHttpMethodFilter.java:81)
	at org.springframework.web.filter.OncePerRequestFilter.doFilter(OncePerRequestFilter.java:107)
	at org.apache.catalina.core.ApplicationFilterChain.internalDoFilter(ApplicationFilterChain.java:193)
	at org.apache.catalina.core.ApplicationFilterChain.doFilter(ApplicationFilterChain.java:166)
	at org.springframework.web.filter.CharacterEncodingFilter.doFilterInternal(CharacterEncodingFilter.java:197)
	at org.springframework.web.filter.OncePerRequestFilter.doFilter(OncePerRequestFilter.java:107)
	at org.apache.catalina.core.ApplicationFilterChain.internalDoFilter(ApplicationFilterChain.java:193)
	at org.apache.catalina.core.ApplicationFilterChain.doFilter(ApplicationFilterChain.java:166)
	at org.apache.catalina.core.StandardWrapperValve.invoke(StandardWrapperValve.java:199)
	at org.apache.catalina.core.StandardContextValve.invoke(StandardContextValve.java:96)
	at org.apache.catalina.authenticator.AuthenticatorBase.invoke(AuthenticatorBase.java:478)
	at org.apache.catalina.core.StandardHostValve.invoke(StandardHostValve.java:140)
	at org.apache.catalina.valves.ErrorReportValve.invoke(ErrorReportValve.java:81)
	at org.apache.catalina.core.StandardEngineValve.invoke(StandardEngineValve.java:87)
	at org.apache.catalina.connector.CoyoteAdapter.service(CoyoteAdapter.java:342)
	at org.apache.coyote.http11.Http11Processor.service(Http11Processor.java:803)
	at org.apache.coyote.AbstractProcessorLight.process(AbstractProcessorLight.java:66)
	at org.apache.coyote.AbstractProtocol$ConnectionHandler.process(AbstractProtocol.java:868)
	at org.apache.tomcat.util.net.NioEndpoint$SocketProcessor.doRun(NioEndpoint.java:1459)
	at org.apache.tomcat.util.net.SocketProcessorBase.run(SocketProcessorBase.java:49)
	at java.util.concurrent.ThreadPoolExecutor.runWorker(ThreadPoolExecutor.java:1142)
	at java.util.concurrent.ThreadPoolExecutor$Worker.run(ThreadPoolExecutor.java:617)
	at org.apache.tomcat.util.threads.TaskThread$WrappingRunnable.run(TaskThread.java:61)
	at java.lang.Thread.run(Thread.java:745)
14:03:44.008 [http-nio-80-exec-9] ERROR o.a.c.c.C.[.[.[.[dispatcherServlet] - Servlet.service() for servlet [dispatcherServlet] in context with path [] threw exception [Request processing failed; nested exception is org.thymeleaf.exceptions.TemplateInputException: Error resolving template "admin/validate", template might not exist or might not be accessible by any of the configured Template Resolvers] with root cause
org.thymeleaf.exceptions.TemplateInputException: Error resolving template "admin/validate", template might not exist or might not be accessible by any of the configured Template Resolvers
	at org.thymeleaf.engine.TemplateManager.resolveTemplate(TemplateManager.java:865)
	at org.thymeleaf.engine.TemplateManager.parseAndProcess(TemplateManager.java:608)
	at org.thymeleaf.TemplateEngine.process(TemplateEngine.java:1087)
	at org.thymeleaf.TemplateEngine.process(TemplateEngine.java:1061)
	at org.thymeleaf.spring4.view.ThymeleafView.renderFragment(ThymeleafView.java:335)
	at org.thymeleaf.spring4.view.ThymeleafView.render(ThymeleafView.java:189)
	at org.springframework.web.servlet.DispatcherServlet.render(DispatcherServlet.java:1286)
	at org.springframework.web.servlet.DispatcherServlet.processDispatchResult(DispatcherServlet.java:1041)
	at org.springframework.web.servlet.DispatcherServlet.doDispatch(DispatcherServlet.java:984)
	at org.springframework.web.servlet.DispatcherServlet.doService(DispatcherServlet.java:901)
	at org.springframework.web.servlet.FrameworkServlet.processRequest(FrameworkServlet.java:970)
	at org.springframework.web.servlet.FrameworkServlet.doGet(FrameworkServlet.java:861)
	at javax.servlet.http.HttpServlet.service(HttpServlet.java:635)
	at org.springframework.web.servlet.FrameworkServlet.service(FrameworkServlet.java:846)
	at javax.servlet.http.HttpServlet.service(HttpServlet.java:742)
	at org.apache.catalina.core.ApplicationFilterChain.internalDoFilter(ApplicationFilterChain.java:231)
	at org.apache.catalina.core.ApplicationFilterChain.doFilter(ApplicationFilterChain.java:166)
	at org.apache.tomcat.websocket.server.WsFilter.doFilter(WsFilter.java:52)
	at org.apache.catalina.core.ApplicationFilterChain.internalDoFilter(ApplicationFilterChain.java:193)
	at org.apache.catalina.core.ApplicationFilterChain.doFilter(ApplicationFilterChain.java:166)
	at org.springframework.web.filter.RequestContextFilter.doFilterInternal(RequestContextFilter.java:99)
	at org.springframework.web.filter.OncePerRequestFilter.doFilter(OncePerRequestFilter.java:107)
	at org.apache.catalina.core.ApplicationFilterChain.internalDoFilter(ApplicationFilterChain.java:193)
	at org.apache.catalina.core.ApplicationFilterChain.doFilter(ApplicationFilterChain.java:166)
	at org.springframework.web.filter.HttpPutFormContentFilter.doFilterInternal(HttpPutFormContentFilter.java:108)
	at org.springframework.web.filter.OncePerRequestFilter.doFilter(OncePerRequestFilter.java:107)
	at org.apache.catalina.core.ApplicationFilterChain.internalDoFilter(ApplicationFilterChain.java:193)
	at org.apache.catalina.core.ApplicationFilterChain.doFilter(ApplicationFilterChain.java:166)
	at org.springframework.web.filter.HiddenHttpMethodFilter.doFilterInternal(HiddenHttpMethodFilter.java:81)
	at org.springframework.web.filter.OncePerRequestFilter.doFilter(OncePerRequestFilter.java:107)
	at org.apache.catalina.core.ApplicationFilterChain.internalDoFilter(ApplicationFilterChain.java:193)
	at org.apache.catalina.core.ApplicationFilterChain.doFilter(ApplicationFilterChain.java:166)
	at org.springframework.web.filter.CharacterEncodingFilter.doFilterInternal(CharacterEncodingFilter.java:197)
	at org.springframework.web.filter.OncePerRequestFilter.doFilter(OncePerRequestFilter.java:107)
	at org.apache.catalina.core.ApplicationFilterChain.internalDoFilter(ApplicationFilterChain.java:193)
	at org.apache.catalina.core.ApplicationFilterChain.doFilter(ApplicationFilterChain.java:166)
	at org.apache.catalina.core.StandardWrapperValve.invoke(StandardWrapperValve.java:199)
	at org.apache.catalina.core.StandardContextValve.invoke(StandardContextValve.java:96)
	at org.apache.catalina.authenticator.AuthenticatorBase.invoke(AuthenticatorBase.java:478)
	at org.apache.catalina.core.StandardHostValve.invoke(StandardHostValve.java:140)
	at org.apache.catalina.valves.ErrorReportValve.invoke(ErrorReportValve.java:81)
	at org.apache.catalina.core.StandardEngineValve.invoke(StandardEngineValve.java:87)
	at org.apache.catalina.connector.CoyoteAdapter.service(CoyoteAdapter.java:342)
	at org.apache.coyote.http11.Http11Processor.service(Http11Processor.java:803)
	at org.apache.coyote.AbstractProcessorLight.process(AbstractProcessorLight.java:66)
	at org.apache.coyote.AbstractProtocol$ConnectionHandler.process(AbstractProtocol.java:868)
	at org.apache.tomcat.util.net.NioEndpoint$SocketProcessor.doRun(NioEndpoint.java:1459)
	at org.apache.tomcat.util.net.SocketProcessorBase.run(SocketProcessorBase.java:49)
	at java.util.concurrent.ThreadPoolExecutor.runWorker(ThreadPoolExecutor.java:1142)
	at java.util.concurrent.ThreadPoolExecutor$Worker.run(ThreadPoolExecutor.java:617)
	at org.apache.tomcat.util.threads.TaskThread$WrappingRunnable.run(TaskThread.java:61)
	at java.lang.Thread.run(Thread.java:745)
14:03:46.984 [restartedMain] INFO  com.ricky.travel.TravelApplication - Starting TravelApplication on PC-201702111430 with PID 16224 (E:\idea_workplace\travel\target\classes started by Administrator in E:\idea_workplace\travel)
14:03:46.989 [restartedMain] INFO  com.ricky.travel.TravelApplication - No active profile set, falling back to default profiles: default
14:03:48.586 [restartedMain] INFO  o.a.catalina.core.StandardService - Starting service [Tomcat]
14:03:48.587 [restartedMain] INFO  o.a.catalina.core.StandardEngine - Starting Servlet Engine: Apache Tomcat/8.5.23
14:03:48.659 [localhost-startStop-1] INFO  o.a.c.c.C.[Tomcat].[localhost].[/] - Initializing Spring embedded WebApplicationContext
14:03:48.859 [restartedMain] INFO  com.zaxxer.hikari.HikariDataSource - HikariPool-1 - Started.
14:03:50.042 [restartedMain] WARN  o.t.templatemode.TemplateMode - [THYMELEAF][restartedMain] Template Mode 'HTML5' is deprecated. Using Template Mode 'HTML' instead.
14:03:50.614 [restartedMain] INFO  com.ricky.travel.TravelApplication - Started TravelApplication in 3.903 seconds (JVM running for 4.963)
14:03:54.105 [http-nio-80-exec-2] INFO  o.a.c.c.C.[Tomcat].[localhost].[/] - Initializing Spring FrameworkServlet 'dispatcherServlet'
14:04:09.168 [http-nio-80-exec-8] ERROR o.a.c.c.C.[.[.[.[dispatcherServlet] - Servlet.service() for servlet [dispatcherServlet] in context with path [] threw exception [Request processing failed; nested exception is java.lang.ClassCastException: org.apache.catalina.connector.RequestFacade cannot be cast to org.springframework.web.multipart.MultipartHttpServletRequest] with root cause
java.lang.ClassCastException: org.apache.catalina.connector.RequestFacade cannot be cast to org.springframework.web.multipart.MultipartHttpServletRequest
	at com.ricky.travel.backgroundController.LoginController.validate(LoginController.java:32)
	at sun.reflect.NativeMethodAccessorImpl.invoke0(Native Method)
	at sun.reflect.NativeMethodAccessorImpl.invoke(NativeMethodAccessorImpl.java:62)
	at sun.reflect.DelegatingMethodAccessorImpl.invoke(DelegatingMethodAccessorImpl.java:43)
	at java.lang.reflect.Method.invoke(Method.java:498)
	at org.springframework.web.method.support.InvocableHandlerMethod.doInvoke(InvocableHandlerMethod.java:205)
	at org.springframework.web.method.support.InvocableHandlerMethod.invokeForRequest(InvocableHandlerMethod.java:133)
	at org.springframework.web.servlet.mvc.method.annotation.ServletInvocableHandlerMethod.invokeAndHandle(ServletInvocableHandlerMethod.java:97)
	at org.springframework.web.servlet.mvc.method.annotation.RequestMappingHandlerAdapter.invokeHandlerMethod(RequestMappingHandlerAdapter.java:827)
	at org.springframework.web.servlet.mvc.method.annotation.RequestMappingHandlerAdapter.handleInternal(RequestMappingHandlerAdapter.java:738)
	at org.springframework.web.servlet.mvc.method.AbstractHandlerMethodAdapter.handle(AbstractHandlerMethodAdapter.java:85)
	at org.springframework.web.servlet.DispatcherServlet.doDispatch(DispatcherServlet.java:967)
	at org.springframework.web.servlet.DispatcherServlet.doService(DispatcherServlet.java:901)
	at org.springframework.web.servlet.FrameworkServlet.processRequest(FrameworkServlet.java:970)
	at org.springframework.web.servlet.FrameworkServlet.doGet(FrameworkServlet.java:861)
	at javax.servlet.http.HttpServlet.service(HttpServlet.java:635)
	at org.springframework.web.servlet.FrameworkServlet.service(FrameworkServlet.java:846)
	at javax.servlet.http.HttpServlet.service(HttpServlet.java:742)
	at org.apache.catalina.core.ApplicationFilterChain.internalDoFilter(ApplicationFilterChain.java:231)
	at org.apache.catalina.core.ApplicationFilterChain.doFilter(ApplicationFilterChain.java:166)
	at org.apache.tomcat.websocket.server.WsFilter.doFilter(WsFilter.java:52)
	at org.apache.catalina.core.ApplicationFilterChain.internalDoFilter(ApplicationFilterChain.java:193)
	at org.apache.catalina.core.ApplicationFilterChain.doFilter(ApplicationFilterChain.java:166)
	at org.springframework.web.filter.RequestContextFilter.doFilterInternal(RequestContextFilter.java:99)
	at org.springframework.web.filter.OncePerRequestFilter.doFilter(OncePerRequestFilter.java:107)
	at org.apache.catalina.core.ApplicationFilterChain.internalDoFilter(ApplicationFilterChain.java:193)
	at org.apache.catalina.core.ApplicationFilterChain.doFilter(ApplicationFilterChain.java:166)
	at org.springframework.web.filter.HttpPutFormContentFilter.doFilterInternal(HttpPutFormContentFilter.java:108)
	at org.springframework.web.filter.OncePerRequestFilter.doFilter(OncePerRequestFilter.java:107)
	at org.apache.catalina.core.ApplicationFilterChain.internalDoFilter(ApplicationFilterChain.java:193)
	at org.apache.catalina.core.ApplicationFilterChain.doFilter(ApplicationFilterChain.java:166)
	at org.springframework.web.filter.HiddenHttpMethodFilter.doFilterInternal(HiddenHttpMethodFilter.java:81)
	at org.springframework.web.filter.OncePerRequestFilter.doFilter(OncePerRequestFilter.java:107)
	at org.apache.catalina.core.ApplicationFilterChain.internalDoFilter(ApplicationFilterChain.java:193)
	at org.apache.catalina.core.ApplicationFilterChain.doFilter(ApplicationFilterChain.java:166)
	at org.springframework.web.filter.CharacterEncodingFilter.doFilterInternal(CharacterEncodingFilter.java:197)
	at org.springframework.web.filter.OncePerRequestFilter.doFilter(OncePerRequestFilter.java:107)
	at org.apache.catalina.core.ApplicationFilterChain.internalDoFilter(ApplicationFilterChain.java:193)
	at org.apache.catalina.core.ApplicationFilterChain.doFilter(ApplicationFilterChain.java:166)
	at org.apache.catalina.core.StandardWrapperValve.invoke(StandardWrapperValve.java:199)
	at org.apache.catalina.core.StandardContextValve.invoke(StandardContextValve.java:96)
	at org.apache.catalina.authenticator.AuthenticatorBase.invoke(AuthenticatorBase.java:478)
	at org.apache.catalina.core.StandardHostValve.invoke(StandardHostValve.java:140)
	at org.apache.catalina.valves.ErrorReportValve.invoke(ErrorReportValve.java:81)
	at org.apache.catalina.core.StandardEngineValve.invoke(StandardEngineValve.java:87)
	at org.apache.catalina.connector.CoyoteAdapter.service(CoyoteAdapter.java:342)
	at org.apache.coyote.http11.Http11Processor.service(Http11Processor.java:803)
	at org.apache.coyote.AbstractProcessorLight.process(AbstractProcessorLight.java:66)
	at org.apache.coyote.AbstractProtocol$ConnectionHandler.process(AbstractProtocol.java:868)
	at org.apache.tomcat.util.net.NioEndpoint$SocketProcessor.doRun(NioEndpoint.java:1459)
	at org.apache.tomcat.util.net.SocketProcessorBase.run(SocketProcessorBase.java:49)
	at java.util.concurrent.ThreadPoolExecutor.runWorker(ThreadPoolExecutor.java:1142)
	at java.util.concurrent.ThreadPoolExecutor$Worker.run(ThreadPoolExecutor.java:617)
	at org.apache.tomcat.util.threads.TaskThread$WrappingRunnable.run(TaskThread.java:61)
	at java.lang.Thread.run(Thread.java:745)
14:10:06.657 [restartedMain] INFO  com.ricky.travel.TravelApplication - Starting TravelApplication on PC-201702111430 with PID 16304 (E:\idea_workplace\travel\target\classes started by Administrator in E:\idea_workplace\travel)
14:10:06.659 [restartedMain] INFO  com.ricky.travel.TravelApplication - No active profile set, falling back to default profiles: default
14:10:08.198 [restartedMain] INFO  o.a.catalina.core.StandardService - Starting service [Tomcat]
14:10:08.198 [restartedMain] INFO  o.a.catalina.core.StandardEngine - Starting Servlet Engine: Apache Tomcat/8.5.23
14:10:08.282 [localhost-startStop-1] INFO  o.a.c.c.C.[Tomcat].[localhost].[/] - Initializing Spring embedded WebApplicationContext
14:10:08.455 [restartedMain] INFO  com.zaxxer.hikari.HikariDataSource - HikariPool-1 - Started.
14:10:09.600 [restartedMain] WARN  o.t.templatemode.TemplateMode - [THYMELEAF][restartedMain] Template Mode 'HTML5' is deprecated. Using Template Mode 'HTML' instead.
14:10:10.156 [restartedMain] INFO  com.ricky.travel.TravelApplication - Started TravelApplication in 3.775 seconds (JVM running for 4.927)
14:10:20.660 [http-nio-80-exec-1] INFO  o.a.c.c.C.[Tomcat].[localhost].[/] - Initializing Spring FrameworkServlet 'dispatcherServlet'
14:10:30.531 [http-nio-80-exec-4] ERROR o.a.c.c.C.[.[.[.[dispatcherServlet] - Servlet.service() for servlet [dispatcherServlet] in context with path [] threw exception [Request processing failed; nested exception is java.lang.ClassCastException: org.apache.catalina.connector.RequestFacade cannot be cast to org.springframework.web.multipart.MultipartHttpServletRequest] with root cause
java.lang.ClassCastException: org.apache.catalina.connector.RequestFacade cannot be cast to org.springframework.web.multipart.MultipartHttpServletRequest
	at com.ricky.travel.backgroundController.LoginController.validate(LoginController.java:32)
	at sun.reflect.NativeMethodAccessorImpl.invoke0(Native Method)
	at sun.reflect.NativeMethodAccessorImpl.invoke(NativeMethodAccessorImpl.java:62)
	at sun.reflect.DelegatingMethodAccessorImpl.invoke(DelegatingMethodAccessorImpl.java:43)
	at java.lang.reflect.Method.invoke(Method.java:498)
	at org.springframework.web.method.support.InvocableHandlerMethod.doInvoke(InvocableHandlerMethod.java:205)
	at org.springframework.web.method.support.InvocableHandlerMethod.invokeForRequest(InvocableHandlerMethod.java:133)
	at org.springframework.web.servlet.mvc.method.annotation.ServletInvocableHandlerMethod.invokeAndHandle(ServletInvocableHandlerMethod.java:97)
	at org.springframework.web.servlet.mvc.method.annotation.RequestMappingHandlerAdapter.invokeHandlerMethod(RequestMappingHandlerAdapter.java:827)
	at org.springframework.web.servlet.mvc.method.annotation.RequestMappingHandlerAdapter.handleInternal(RequestMappingHandlerAdapter.java:738)
	at org.springframework.web.servlet.mvc.method.AbstractHandlerMethodAdapter.handle(AbstractHandlerMethodAdapter.java:85)
	at org.springframework.web.servlet.DispatcherServlet.doDispatch(DispatcherServlet.java:967)
	at org.springframework.web.servlet.DispatcherServlet.doService(DispatcherServlet.java:901)
	at org.springframework.web.servlet.FrameworkServlet.processRequest(FrameworkServlet.java:970)
	at org.springframework.web.servlet.FrameworkServlet.doGet(FrameworkServlet.java:861)
	at javax.servlet.http.HttpServlet.service(HttpServlet.java:635)
	at org.springframework.web.servlet.FrameworkServlet.service(FrameworkServlet.java:846)
	at javax.servlet.http.HttpServlet.service(HttpServlet.java:742)
	at org.apache.catalina.core.ApplicationFilterChain.internalDoFilter(ApplicationFilterChain.java:231)
	at org.apache.catalina.core.ApplicationFilterChain.doFilter(ApplicationFilterChain.java:166)
	at org.apache.tomcat.websocket.server.WsFilter.doFilter(WsFilter.java:52)
	at org.apache.catalina.core.ApplicationFilterChain.internalDoFilter(ApplicationFilterChain.java:193)
	at org.apache.catalina.core.ApplicationFilterChain.doFilter(ApplicationFilterChain.java:166)
	at org.springframework.web.filter.RequestContextFilter.doFilterInternal(RequestContextFilter.java:99)
	at org.springframework.web.filter.OncePerRequestFilter.doFilter(OncePerRequestFilter.java:107)
	at org.apache.catalina.core.ApplicationFilterChain.internalDoFilter(ApplicationFilterChain.java:193)
	at org.apache.catalina.core.ApplicationFilterChain.doFilter(ApplicationFilterChain.java:166)
	at org.springframework.web.filter.HttpPutFormContentFilter.doFilterInternal(HttpPutFormContentFilter.java:108)
	at org.springframework.web.filter.OncePerRequestFilter.doFilter(OncePerRequestFilter.java:107)
	at org.apache.catalina.core.ApplicationFilterChain.internalDoFilter(ApplicationFilterChain.java:193)
	at org.apache.catalina.core.ApplicationFilterChain.doFilter(ApplicationFilterChain.java:166)
	at org.springframework.web.filter.HiddenHttpMethodFilter.doFilterInternal(HiddenHttpMethodFilter.java:81)
	at org.springframework.web.filter.OncePerRequestFilter.doFilter(OncePerRequestFilter.java:107)
	at org.apache.catalina.core.ApplicationFilterChain.internalDoFilter(ApplicationFilterChain.java:193)
	at org.apache.catalina.core.ApplicationFilterChain.doFilter(ApplicationFilterChain.java:166)
	at org.springframework.web.filter.CharacterEncodingFilter.doFilterInternal(CharacterEncodingFilter.java:197)
	at org.springframework.web.filter.OncePerRequestFilter.doFilter(OncePerRequestFilter.java:107)
	at org.apache.catalina.core.ApplicationFilterChain.internalDoFilter(ApplicationFilterChain.java:193)
	at org.apache.catalina.core.ApplicationFilterChain.doFilter(ApplicationFilterChain.java:166)
	at org.apache.catalina.core.StandardWrapperValve.invoke(StandardWrapperValve.java:199)
	at org.apache.catalina.core.StandardContextValve.invoke(StandardContextValve.java:96)
	at org.apache.catalina.authenticator.AuthenticatorBase.invoke(AuthenticatorBase.java:478)
	at org.apache.catalina.core.StandardHostValve.invoke(StandardHostValve.java:140)
	at org.apache.catalina.valves.ErrorReportValve.invoke(ErrorReportValve.java:81)
	at org.apache.catalina.core.StandardEngineValve.invoke(StandardEngineValve.java:87)
	at org.apache.catalina.connector.CoyoteAdapter.service(CoyoteAdapter.java:342)
	at org.apache.coyote.http11.Http11Processor.service(Http11Processor.java:803)
	at org.apache.coyote.AbstractProcessorLight.process(AbstractProcessorLight.java:66)
	at org.apache.coyote.AbstractProtocol$ConnectionHandler.process(AbstractProtocol.java:868)
	at org.apache.tomcat.util.net.NioEndpoint$SocketProcessor.doRun(NioEndpoint.java:1459)
	at org.apache.tomcat.util.net.SocketProcessorBase.run(SocketProcessorBase.java:49)
	at java.util.concurrent.ThreadPoolExecutor.runWorker(ThreadPoolExecutor.java:1142)
	at java.util.concurrent.ThreadPoolExecutor$Worker.run(ThreadPoolExecutor.java:617)
	at org.apache.tomcat.util.threads.TaskThread$WrappingRunnable.run(TaskThread.java:61)
	at java.lang.Thread.run(Thread.java:745)
14:17:05.272 [restartedMain] INFO  com.ricky.travel.TravelApplication - Starting TravelApplication on PC-201702111430 with PID 9184 (E:\idea_workplace\travel\target\classes started by Administrator in E:\idea_workplace\travel)
14:17:05.275 [restartedMain] INFO  com.ricky.travel.TravelApplication - No active profile set, falling back to default profiles: default
14:17:06.921 [restartedMain] INFO  o.a.catalina.core.StandardService - Starting service [Tomcat]
14:17:06.922 [restartedMain] INFO  o.a.catalina.core.StandardEngine - Starting Servlet Engine: Apache Tomcat/8.5.23
14:17:06.998 [localhost-startStop-1] INFO  o.a.c.c.C.[Tomcat].[localhost].[/] - Initializing Spring embedded WebApplicationContext
14:17:07.166 [restartedMain] INFO  com.zaxxer.hikari.HikariDataSource - HikariPool-1 - Started.
14:17:08.341 [restartedMain] WARN  o.t.templatemode.TemplateMode - [THYMELEAF][restartedMain] Template Mode 'HTML5' is deprecated. Using Template Mode 'HTML' instead.
14:17:08.899 [restartedMain] INFO  com.ricky.travel.TravelApplication - Started TravelApplication in 3.935 seconds (JVM running for 4.876)
14:17:34.349 [http-nio-80-exec-2] INFO  o.a.c.c.C.[Tomcat].[localhost].[/] - Initializing Spring FrameworkServlet 'dispatcherServlet'
14:19:39.528 [HikariPool-1 housekeeper] WARN  com.zaxxer.hikari.pool.HikariPool - HikariPool-1 - Thread starvation or clock leap detected (housekeeper delta=2m32s113ms894µs850ns).
14:24:37.004 [HikariPool-1 housekeeper] WARN  com.zaxxer.hikari.pool.HikariPool - HikariPool-1 - Thread starvation or clock leap detected (housekeeper delta=4m57s476ms386µs913ns).
14:24:40.193 [restartedMain] INFO  com.ricky.travel.TravelApplication - Starting TravelApplication on PC-201702111430 with PID 5972 (E:\idea_workplace\travel\target\classes started by Administrator in E:\idea_workplace\travel)
14:24:40.195 [restartedMain] INFO  com.ricky.travel.TravelApplication - No active profile set, falling back to default profiles: default
14:24:41.811 [restartedMain] INFO  o.a.catalina.core.StandardService - Starting service [Tomcat]
14:24:41.812 [restartedMain] INFO  o.a.catalina.core.StandardEngine - Starting Servlet Engine: Apache Tomcat/8.5.23
14:24:41.884 [localhost-startStop-1] INFO  o.a.c.c.C.[Tomcat].[localhost].[/] - Initializing Spring embedded WebApplicationContext
14:24:42.057 [restartedMain] INFO  com.zaxxer.hikari.HikariDataSource - HikariPool-1 - Started.
14:24:43.323 [restartedMain] WARN  o.t.templatemode.TemplateMode - [THYMELEAF][restartedMain] Template Mode 'HTML5' is deprecated. Using Template Mode 'HTML' instead.
14:24:43.913 [restartedMain] INFO  com.ricky.travel.TravelApplication - Started TravelApplication in 3.972 seconds (JVM running for 5.077)
14:24:44.253 [http-nio-80-exec-2] INFO  o.a.c.c.C.[Tomcat].[localhost].[/] - Initializing Spring FrameworkServlet 'dispatcherServlet'
14:24:54.041 [restartedMain] INFO  com.ricky.travel.TravelApplication - Starting TravelApplication on PC-201702111430 with PID 12760 (E:\idea_workplace\travel\target\classes started by Administrator in E:\idea_workplace\travel)
14:24:54.044 [restartedMain] INFO  com.ricky.travel.TravelApplication - No active profile set, falling back to default profiles: default
14:24:55.507 [restartedMain] INFO  o.a.catalina.core.StandardService - Starting service [Tomcat]
14:24:55.507 [restartedMain] INFO  o.a.catalina.core.StandardEngine - Starting Servlet Engine: Apache Tomcat/8.5.23
14:24:55.574 [localhost-startStop-1] INFO  o.a.c.c.C.[Tomcat].[localhost].[/] - Initializing Spring embedded WebApplicationContext
14:24:55.747 [restartedMain] INFO  com.zaxxer.hikari.HikariDataSource - HikariPool-1 - Started.
14:24:56.913 [restartedMain] WARN  o.t.templatemode.TemplateMode - [THYMELEAF][restartedMain] Template Mode 'HTML5' is deprecated. Using Template Mode 'HTML' instead.
14:24:57.493 [restartedMain] INFO  com.ricky.travel.TravelApplication - Started TravelApplication in 3.727 seconds (JVM running for 4.755)
14:25:01.268 [http-nio-80-exec-1] INFO  o.a.c.c.C.[Tomcat].[localhost].[/] - Initializing Spring FrameworkServlet 'dispatcherServlet'
14:26:11.843 [restartedMain] INFO  com.ricky.travel.TravelApplication - Starting TravelApplication on PC-201702111430 with PID 5308 (E:\idea_workplace\travel\target\classes started by Administrator in E:\idea_workplace\travel)
14:26:11.848 [restartedMain] INFO  com.ricky.travel.TravelApplication - No active profile set, falling back to default profiles: default
14:26:13.399 [restartedMain] INFO  o.a.catalina.core.StandardService - Starting service [Tomcat]
14:26:13.400 [restartedMain] INFO  o.a.catalina.core.StandardEngine - Starting Servlet Engine: Apache Tomcat/8.5.23
14:26:13.478 [localhost-startStop-1] INFO  o.a.c.c.C.[Tomcat].[localhost].[/] - Initializing Spring embedded WebApplicationContext
14:26:13.653 [restartedMain] INFO  com.zaxxer.hikari.HikariDataSource - HikariPool-1 - Started.
14:26:14.870 [restartedMain] WARN  o.t.templatemode.TemplateMode - [THYMELEAF][restartedMain] Template Mode 'HTML5' is deprecated. Using Template Mode 'HTML' instead.
14:26:15.473 [restartedMain] INFO  com.ricky.travel.TravelApplication - Started TravelApplication in 3.947 seconds (JVM running for 5.176)
14:26:18.838 [http-nio-80-exec-2] INFO  o.a.c.c.C.[Tomcat].[localhost].[/] - Initializing Spring FrameworkServlet 'dispatcherServlet'
14:26:40.804 [restartedMain] INFO  com.ricky.travel.TravelApplication - Starting TravelApplication on PC-201702111430 with PID 5036 (E:\idea_workplace\travel\target\classes started by Administrator in E:\idea_workplace\travel)
14:26:40.806 [restartedMain] INFO  com.ricky.travel.TravelApplication - No active profile set, falling back to default profiles: default
14:26:42.284 [restartedMain] INFO  o.a.catalina.core.StandardService - Starting service [Tomcat]
14:26:42.285 [restartedMain] INFO  o.a.catalina.core.StandardEngine - Starting Servlet Engine: Apache Tomcat/8.5.23
14:26:42.352 [localhost-startStop-1] INFO  o.a.c.c.C.[Tomcat].[localhost].[/] - Initializing Spring embedded WebApplicationContext
14:26:42.525 [restartedMain] INFO  com.zaxxer.hikari.HikariDataSource - HikariPool-1 - Started.
14:26:43.703 [restartedMain] WARN  o.t.templatemode.TemplateMode - [THYMELEAF][restartedMain] Template Mode 'HTML5' is deprecated. Using Template Mode 'HTML' instead.
14:26:44.277 [restartedMain] INFO  com.ricky.travel.TravelApplication - Started TravelApplication in 3.788 seconds (JVM running for 5.021)
14:26:47.481 [http-nio-80-exec-2] INFO  o.a.c.c.C.[Tomcat].[localhost].[/] - Initializing Spring FrameworkServlet 'dispatcherServlet'
14:28:57.490 [restartedMain] INFO  com.ricky.travel.TravelApplication - Starting TravelApplication on PC-201702111430 with PID 9208 (E:\idea_workplace\travel\target\classes started by Administrator in E:\idea_workplace\travel)
14:28:57.495 [restartedMain] INFO  com.ricky.travel.TravelApplication - No active profile set, falling back to default profiles: default
14:28:59.112 [restartedMain] INFO  o.a.catalina.core.StandardService - Starting service [Tomcat]
14:28:59.112 [restartedMain] INFO  o.a.catalina.core.StandardEngine - Starting Servlet Engine: Apache Tomcat/8.5.23
14:28:59.183 [localhost-startStop-1] INFO  o.a.c.c.C.[Tomcat].[localhost].[/] - Initializing Spring embedded WebApplicationContext
14:28:59.356 [restartedMain] INFO  com.zaxxer.hikari.HikariDataSource - HikariPool-1 - Started.
14:29:00.538 [restartedMain] WARN  o.t.templatemode.TemplateMode - [THYMELEAF][restartedMain] Template Mode 'HTML5' is deprecated. Using Template Mode 'HTML' instead.
14:29:01.098 [restartedMain] INFO  com.ricky.travel.TravelApplication - Started TravelApplication in 3.874 seconds (JVM running for 4.958)
14:29:07.136 [http-nio-80-exec-1] INFO  o.a.c.c.C.[Tomcat].[localhost].[/] - Initializing Spring FrameworkServlet 'dispatcherServlet'
14:29:08.813 [http-nio-80-exec-1] DEBUG c.r.t.d.C.selectByExample - ==>  Preparing: select Country_ID, Country_Nname from country WHERE ( Country_ID is not null ) 
14:29:08.826 [http-nio-80-exec-1] DEBUG c.r.t.d.C.selectByExample - ==> Parameters: 
14:29:08.836 [http-nio-80-exec-1] DEBUG c.r.t.d.C.selectByExample - <==      Total: 11
14:30:50.082 [HikariPool-1 housekeeper] WARN  com.zaxxer.hikari.pool.HikariPool - HikariPool-1 - Thread starvation or clock leap detected (housekeeper delta=1m8s634ms536µs991ns).
14:30:52.996 [restartedMain] INFO  com.ricky.travel.TravelApplication - Starting TravelApplication on PC-201702111430 with PID 12924 (E:\idea_workplace\travel\target\classes started by Administrator in E:\idea_workplace\travel)
14:30:52.998 [restartedMain] INFO  com.ricky.travel.TravelApplication - No active profile set, falling back to default profiles: default
14:30:54.492 [restartedMain] INFO  o.a.catalina.core.StandardService - Starting service [Tomcat]
14:30:54.493 [restartedMain] INFO  o.a.catalina.core.StandardEngine - Starting Servlet Engine: Apache Tomcat/8.5.23
14:30:54.575 [localhost-startStop-1] INFO  o.a.c.c.C.[Tomcat].[localhost].[/] - Initializing Spring embedded WebApplicationContext
14:30:54.741 [restartedMain] INFO  com.zaxxer.hikari.HikariDataSource - HikariPool-1 - Started.
14:30:55.903 [restartedMain] WARN  o.t.templatemode.TemplateMode - [THYMELEAF][restartedMain] Template Mode 'HTML5' is deprecated. Using Template Mode 'HTML' instead.
14:30:56.468 [restartedMain] INFO  com.ricky.travel.TravelApplication - Started TravelApplication in 3.778 seconds (JVM running for 4.783)
14:31:00.265 [http-nio-80-exec-1] INFO  o.a.c.c.C.[Tomcat].[localhost].[/] - Initializing Spring FrameworkServlet 'dispatcherServlet'
14:37:04.063 [HikariPool-1 housekeeper] WARN  com.zaxxer.hikari.pool.HikariPool - HikariPool-1 - Thread starvation or clock leap detected (housekeeper delta=5m37s311ms957µs465ns).
14:37:06.823 [restartedMain] INFO  com.ricky.travel.TravelApplication - Starting TravelApplication on PC-201702111430 with PID 12084 (E:\idea_workplace\travel\target\classes started by Administrator in E:\idea_workplace\travel)
14:37:06.825 [restartedMain] INFO  com.ricky.travel.TravelApplication - No active profile set, falling back to default profiles: default
14:37:08.448 [restartedMain] INFO  o.a.catalina.core.StandardService - Starting service [Tomcat]
14:37:08.449 [restartedMain] INFO  o.a.catalina.core.StandardEngine - Starting Servlet Engine: Apache Tomcat/8.5.23
14:37:08.513 [localhost-startStop-1] INFO  o.a.c.c.C.[Tomcat].[localhost].[/] - Initializing Spring embedded WebApplicationContext
14:37:08.687 [restartedMain] INFO  com.zaxxer.hikari.HikariDataSource - HikariPool-1 - Started.
14:37:09.865 [restartedMain] WARN  o.t.templatemode.TemplateMode - [THYMELEAF][restartedMain] Template Mode 'HTML5' is deprecated. Using Template Mode 'HTML' instead.
14:37:10.413 [restartedMain] INFO  com.ricky.travel.TravelApplication - Started TravelApplication in 3.873 seconds (JVM running for 4.764)
14:37:12.846 [http-nio-80-exec-2] INFO  o.a.c.c.C.[Tomcat].[localhost].[/] - Initializing Spring FrameworkServlet 'dispatcherServlet'
14:37:24.402 [http-nio-80-exec-4] ERROR o.a.c.c.C.[.[.[.[dispatcherServlet] - Servlet.service() for servlet [dispatcherServlet] in context with path [] threw exception [Request processing failed; nested exception is org.springframework.web.multipart.MultipartException: Current request is not a multipart request] with root cause
org.springframework.web.multipart.MultipartException: Current request is not a multipart request
	at org.springframework.web.method.annotation.RequestParamMethodArgumentResolver.handleMissingValue(RequestParamMethodArgumentResolver.java:190)
	at org.springframework.web.method.annotation.AbstractNamedValueMethodArgumentResolver.resolveArgument(AbstractNamedValueMethodArgumentResolver.java:109)
	at org.springframework.web.method.support.HandlerMethodArgumentResolverComposite.resolveArgument(HandlerMethodArgumentResolverComposite.java:121)
	at org.springframework.web.method.support.InvocableHandlerMethod.getMethodArgumentValues(InvocableHandlerMethod.java:158)
	at org.springframework.web.method.support.InvocableHandlerMethod.invokeForRequest(InvocableHandlerMethod.java:128)
	at org.springframework.web.servlet.mvc.method.annotation.ServletInvocableHandlerMethod.invokeAndHandle(ServletInvocableHandlerMethod.java:97)
	at org.springframework.web.servlet.mvc.method.annotation.RequestMappingHandlerAdapter.invokeHandlerMethod(RequestMappingHandlerAdapter.java:827)
	at org.springframework.web.servlet.mvc.method.annotation.RequestMappingHandlerAdapter.handleInternal(RequestMappingHandlerAdapter.java:738)
	at org.springframework.web.servlet.mvc.method.AbstractHandlerMethodAdapter.handle(AbstractHandlerMethodAdapter.java:85)
	at org.springframework.web.servlet.DispatcherServlet.doDispatch(DispatcherServlet.java:967)
	at org.springframework.web.servlet.DispatcherServlet.doService(DispatcherServlet.java:901)
	at org.springframework.web.servlet.FrameworkServlet.processRequest(FrameworkServlet.java:970)
	at org.springframework.web.servlet.FrameworkServlet.doGet(FrameworkServlet.java:861)
	at javax.servlet.http.HttpServlet.service(HttpServlet.java:635)
	at org.springframework.web.servlet.FrameworkServlet.service(FrameworkServlet.java:846)
	at javax.servlet.http.HttpServlet.service(HttpServlet.java:742)
	at org.apache.catalina.core.ApplicationFilterChain.internalDoFilter(ApplicationFilterChain.java:231)
	at org.apache.catalina.core.ApplicationFilterChain.doFilter(ApplicationFilterChain.java:166)
	at org.apache.tomcat.websocket.server.WsFilter.doFilter(WsFilter.java:52)
	at org.apache.catalina.core.ApplicationFilterChain.internalDoFilter(ApplicationFilterChain.java:193)
	at org.apache.catalina.core.ApplicationFilterChain.doFilter(ApplicationFilterChain.java:166)
	at org.springframework.web.filter.RequestContextFilter.doFilterInternal(RequestContextFilter.java:99)
	at org.springframework.web.filter.OncePerRequestFilter.doFilter(OncePerRequestFilter.java:107)
	at org.apache.catalina.core.ApplicationFilterChain.internalDoFilter(ApplicationFilterChain.java:193)
	at org.apache.catalina.core.ApplicationFilterChain.doFilter(ApplicationFilterChain.java:166)
	at org.springframework.web.filter.HttpPutFormContentFilter.doFilterInternal(HttpPutFormContentFilter.java:108)
	at org.springframework.web.filter.OncePerRequestFilter.doFilter(OncePerRequestFilter.java:107)
	at org.apache.catalina.core.ApplicationFilterChain.internalDoFilter(ApplicationFilterChain.java:193)
	at org.apache.catalina.core.ApplicationFilterChain.doFilter(ApplicationFilterChain.java:166)
	at org.springframework.web.filter.HiddenHttpMethodFilter.doFilterInternal(HiddenHttpMethodFilter.java:81)
	at org.springframework.web.filter.OncePerRequestFilter.doFilter(OncePerRequestFilter.java:107)
	at org.apache.catalina.core.ApplicationFilterChain.internalDoFilter(ApplicationFilterChain.java:193)
	at org.apache.catalina.core.ApplicationFilterChain.doFilter(ApplicationFilterChain.java:166)
	at org.springframework.web.filter.CharacterEncodingFilter.doFilterInternal(CharacterEncodingFilter.java:197)
	at org.springframework.web.filter.OncePerRequestFilter.doFilter(OncePerRequestFilter.java:107)
	at org.apache.catalina.core.ApplicationFilterChain.internalDoFilter(ApplicationFilterChain.java:193)
	at org.apache.catalina.core.ApplicationFilterChain.doFilter(ApplicationFilterChain.java:166)
	at org.apache.catalina.core.StandardWrapperValve.invoke(StandardWrapperValve.java:199)
	at org.apache.catalina.core.StandardContextValve.invoke(StandardContextValve.java:96)
	at org.apache.catalina.authenticator.AuthenticatorBase.invoke(AuthenticatorBase.java:478)
	at org.apache.catalina.core.StandardHostValve.invoke(StandardHostValve.java:140)
	at org.apache.catalina.valves.ErrorReportValve.invoke(ErrorReportValve.java:81)
	at org.apache.catalina.core.StandardEngineValve.invoke(StandardEngineValve.java:87)
	at org.apache.catalina.connector.CoyoteAdapter.service(CoyoteAdapter.java:342)
	at org.apache.coyote.http11.Http11Processor.service(Http11Processor.java:803)
	at org.apache.coyote.AbstractProcessorLight.process(AbstractProcessorLight.java:66)
	at org.apache.coyote.AbstractProtocol$ConnectionHandler.process(AbstractProtocol.java:868)
	at org.apache.tomcat.util.net.NioEndpoint$SocketProcessor.doRun(NioEndpoint.java:1459)
	at org.apache.tomcat.util.net.SocketProcessorBase.run(SocketProcessorBase.java:49)
	at java.util.concurrent.ThreadPoolExecutor.runWorker(ThreadPoolExecutor.java:1142)
	at java.util.concurrent.ThreadPoolExecutor$Worker.run(ThreadPoolExecutor.java:617)
	at org.apache.tomcat.util.threads.TaskThread$WrappingRunnable.run(TaskThread.java:61)
	at java.lang.Thread.run(Thread.java:745)
14:37:59.025 [restartedMain] INFO  com.ricky.travel.TravelApplication - Starting TravelApplication on PC-201702111430 with PID 15376 (E:\idea_workplace\travel\target\classes started by Administrator in E:\idea_workplace\travel)
14:37:59.028 [restartedMain] INFO  com.ricky.travel.TravelApplication - No active profile set, falling back to default profiles: default
14:38:00.604 [restartedMain] INFO  o.a.catalina.core.StandardService - Starting service [Tomcat]
14:38:00.605 [restartedMain] INFO  o.a.catalina.core.StandardEngine - Starting Servlet Engine: Apache Tomcat/8.5.23
14:38:00.669 [localhost-startStop-1] INFO  o.a.c.c.C.[Tomcat].[localhost].[/] - Initializing Spring embedded WebApplicationContext
14:38:00.837 [restartedMain] INFO  com.zaxxer.hikari.HikariDataSource - HikariPool-1 - Started.
14:38:02.026 [restartedMain] WARN  o.t.templatemode.TemplateMode - [THYMELEAF][restartedMain] Template Mode 'HTML5' is deprecated. Using Template Mode 'HTML' instead.
14:38:02.594 [restartedMain] INFO  com.ricky.travel.TravelApplication - Started TravelApplication in 3.827 seconds (JVM running for 4.858)
14:38:08.464 [http-nio-80-exec-2] INFO  o.a.c.c.C.[Tomcat].[localhost].[/] - Initializing Spring FrameworkServlet 'dispatcherServlet'
14:38:15.066 [http-nio-80-exec-3] ERROR o.a.c.c.C.[.[.[.[dispatcherServlet] - Servlet.service() for servlet [dispatcherServlet] in context with path [] threw exception [Request processing failed; nested exception is org.springframework.web.multipart.MultipartException: Current request is not a multipart request] with root cause
org.springframework.web.multipart.MultipartException: Current request is not a multipart request
	at org.springframework.web.method.annotation.RequestParamMethodArgumentResolver.handleMissingValue(RequestParamMethodArgumentResolver.java:190)
	at org.springframework.web.method.annotation.AbstractNamedValueMethodArgumentResolver.resolveArgument(AbstractNamedValueMethodArgumentResolver.java:109)
	at org.springframework.web.method.support.HandlerMethodArgumentResolverComposite.resolveArgument(HandlerMethodArgumentResolverComposite.java:121)
	at org.springframework.web.method.support.InvocableHandlerMethod.getMethodArgumentValues(InvocableHandlerMethod.java:158)
	at org.springframework.web.method.support.InvocableHandlerMethod.invokeForRequest(InvocableHandlerMethod.java:128)
	at org.springframework.web.servlet.mvc.method.annotation.ServletInvocableHandlerMethod.invokeAndHandle(ServletInvocableHandlerMethod.java:97)
	at org.springframework.web.servlet.mvc.method.annotation.RequestMappingHandlerAdapter.invokeHandlerMethod(RequestMappingHandlerAdapter.java:827)
	at org.springframework.web.servlet.mvc.method.annotation.RequestMappingHandlerAdapter.handleInternal(RequestMappingHandlerAdapter.java:738)
	at org.springframework.web.servlet.mvc.method.AbstractHandlerMethodAdapter.handle(AbstractHandlerMethodAdapter.java:85)
	at org.springframework.web.servlet.DispatcherServlet.doDispatch(DispatcherServlet.java:967)
	at org.springframework.web.servlet.DispatcherServlet.doService(DispatcherServlet.java:901)
	at org.springframework.web.servlet.FrameworkServlet.processRequest(FrameworkServlet.java:970)
	at org.springframework.web.servlet.FrameworkServlet.doGet(FrameworkServlet.java:861)
	at javax.servlet.http.HttpServlet.service(HttpServlet.java:635)
	at org.springframework.web.servlet.FrameworkServlet.service(FrameworkServlet.java:846)
	at javax.servlet.http.HttpServlet.service(HttpServlet.java:742)
	at org.apache.catalina.core.ApplicationFilterChain.internalDoFilter(ApplicationFilterChain.java:231)
	at org.apache.catalina.core.ApplicationFilterChain.doFilter(ApplicationFilterChain.java:166)
	at org.apache.tomcat.websocket.server.WsFilter.doFilter(WsFilter.java:52)
	at org.apache.catalina.core.ApplicationFilterChain.internalDoFilter(ApplicationFilterChain.java:193)
	at org.apache.catalina.core.ApplicationFilterChain.doFilter(ApplicationFilterChain.java:166)
	at org.springframework.web.filter.RequestContextFilter.doFilterInternal(RequestContextFilter.java:99)
	at org.springframework.web.filter.OncePerRequestFilter.doFilter(OncePerRequestFilter.java:107)
	at org.apache.catalina.core.ApplicationFilterChain.internalDoFilter(ApplicationFilterChain.java:193)
	at org.apache.catalina.core.ApplicationFilterChain.doFilter(ApplicationFilterChain.java:166)
	at org.springframework.web.filter.HttpPutFormContentFilter.doFilterInternal(HttpPutFormContentFilter.java:108)
	at org.springframework.web.filter.OncePerRequestFilter.doFilter(OncePerRequestFilter.java:107)
	at org.apache.catalina.core.ApplicationFilterChain.internalDoFilter(ApplicationFilterChain.java:193)
	at org.apache.catalina.core.ApplicationFilterChain.doFilter(ApplicationFilterChain.java:166)
	at org.springframework.web.filter.HiddenHttpMethodFilter.doFilterInternal(HiddenHttpMethodFilter.java:81)
	at org.springframework.web.filter.OncePerRequestFilter.doFilter(OncePerRequestFilter.java:107)
	at org.apache.catalina.core.ApplicationFilterChain.internalDoFilter(ApplicationFilterChain.java:193)
	at org.apache.catalina.core.ApplicationFilterChain.doFilter(ApplicationFilterChain.java:166)
	at org.springframework.web.filter.CharacterEncodingFilter.doFilterInternal(CharacterEncodingFilter.java:197)
	at org.springframework.web.filter.OncePerRequestFilter.doFilter(OncePerRequestFilter.java:107)
	at org.apache.catalina.core.ApplicationFilterChain.internalDoFilter(ApplicationFilterChain.java:193)
	at org.apache.catalina.core.ApplicationFilterChain.doFilter(ApplicationFilterChain.java:166)
	at org.apache.catalina.core.StandardWrapperValve.invoke(StandardWrapperValve.java:199)
	at org.apache.catalina.core.StandardContextValve.invoke(StandardContextValve.java:96)
	at org.apache.catalina.authenticator.AuthenticatorBase.invoke(AuthenticatorBase.java:478)
	at org.apache.catalina.core.StandardHostValve.invoke(StandardHostValve.java:140)
	at org.apache.catalina.valves.ErrorReportValve.invoke(ErrorReportValve.java:81)
	at org.apache.catalina.core.StandardEngineValve.invoke(StandardEngineValve.java:87)
	at org.apache.catalina.connector.CoyoteAdapter.service(CoyoteAdapter.java:342)
	at org.apache.coyote.http11.Http11Processor.service(Http11Processor.java:803)
	at org.apache.coyote.AbstractProcessorLight.process(AbstractProcessorLight.java:66)
	at org.apache.coyote.AbstractProtocol$ConnectionHandler.process(AbstractProtocol.java:868)
	at org.apache.tomcat.util.net.NioEndpoint$SocketProcessor.doRun(NioEndpoint.java:1459)
	at org.apache.tomcat.util.net.SocketProcessorBase.run(SocketProcessorBase.java:49)
	at java.util.concurrent.ThreadPoolExecutor.runWorker(ThreadPoolExecutor.java:1142)
	at java.util.concurrent.ThreadPoolExecutor$Worker.run(ThreadPoolExecutor.java:617)
	at org.apache.tomcat.util.threads.TaskThread$WrappingRunnable.run(TaskThread.java:61)
	at java.lang.Thread.run(Thread.java:745)
14:40:27.680 [restartedMain] INFO  com.ricky.travel.TravelApplication - Starting TravelApplication on PC-201702111430 with PID 15512 (E:\idea_workplace\travel\target\classes started by Administrator in E:\idea_workplace\travel)
14:40:27.682 [restartedMain] INFO  com.ricky.travel.TravelApplication - No active profile set, falling back to default profiles: default
14:40:29.250 [restartedMain] INFO  o.a.catalina.core.StandardService - Starting service [Tomcat]
14:40:29.250 [restartedMain] INFO  o.a.catalina.core.StandardEngine - Starting Servlet Engine: Apache Tomcat/8.5.23
14:40:29.333 [localhost-startStop-1] INFO  o.a.c.c.C.[Tomcat].[localhost].[/] - Initializing Spring embedded WebApplicationContext
14:40:29.505 [restartedMain] INFO  com.zaxxer.hikari.HikariDataSource - HikariPool-1 - Started.
14:40:30.716 [restartedMain] WARN  o.t.templatemode.TemplateMode - [THYMELEAF][restartedMain] Template Mode 'HTML5' is deprecated. Using Template Mode 'HTML' instead.
14:40:31.312 [restartedMain] INFO  com.ricky.travel.TravelApplication - Started TravelApplication in 3.947 seconds (JVM running for 4.864)
14:40:35.438 [http-nio-80-exec-1] INFO  o.a.c.c.C.[Tomcat].[localhost].[/] - Initializing Spring FrameworkServlet 'dispatcherServlet'
14:40:41.898 [http-nio-80-exec-3] ERROR o.a.c.c.C.[.[.[.[dispatcherServlet] - Servlet.service() for servlet [dispatcherServlet] in context with path [] threw exception [Request processing failed; nested exception is java.lang.ClassCastException: org.apache.catalina.connector.RequestFacade cannot be cast to org.springframework.web.multipart.MultipartHttpServletRequest] with root cause
java.lang.ClassCastException: org.apache.catalina.connector.RequestFacade cannot be cast to org.springframework.web.multipart.MultipartHttpServletRequest
	at com.ricky.travel.backgroundController.LoginController.validate(LoginController.java:33)
	at sun.reflect.NativeMethodAccessorImpl.invoke0(Native Method)
	at sun.reflect.NativeMethodAccessorImpl.invoke(NativeMethodAccessorImpl.java:62)
	at sun.reflect.DelegatingMethodAccessorImpl.invoke(DelegatingMethodAccessorImpl.java:43)
	at java.lang.reflect.Method.invoke(Method.java:498)
	at org.springframework.web.method.support.InvocableHandlerMethod.doInvoke(InvocableHandlerMethod.java:205)
	at org.springframework.web.method.support.InvocableHandlerMethod.invokeForRequest(InvocableHandlerMethod.java:133)
	at org.springframework.web.servlet.mvc.method.annotation.ServletInvocableHandlerMethod.invokeAndHandle(ServletInvocableHandlerMethod.java:97)
	at org.springframework.web.servlet.mvc.method.annotation.RequestMappingHandlerAdapter.invokeHandlerMethod(RequestMappingHandlerAdapter.java:827)
	at org.springframework.web.servlet.mvc.method.annotation.RequestMappingHandlerAdapter.handleInternal(RequestMappingHandlerAdapter.java:738)
	at org.springframework.web.servlet.mvc.method.AbstractHandlerMethodAdapter.handle(AbstractHandlerMethodAdapter.java:85)
	at org.springframework.web.servlet.DispatcherServlet.doDispatch(DispatcherServlet.java:967)
	at org.springframework.web.servlet.DispatcherServlet.doService(DispatcherServlet.java:901)
	at org.springframework.web.servlet.FrameworkServlet.processRequest(FrameworkServlet.java:970)
	at org.springframework.web.servlet.FrameworkServlet.doGet(FrameworkServlet.java:861)
	at javax.servlet.http.HttpServlet.service(HttpServlet.java:635)
	at org.springframework.web.servlet.FrameworkServlet.service(FrameworkServlet.java:846)
	at javax.servlet.http.HttpServlet.service(HttpServlet.java:742)
	at org.apache.catalina.core.ApplicationFilterChain.internalDoFilter(ApplicationFilterChain.java:231)
	at org.apache.catalina.core.ApplicationFilterChain.doFilter(ApplicationFilterChain.java:166)
	at org.apache.tomcat.websocket.server.WsFilter.doFilter(WsFilter.java:52)
	at org.apache.catalina.core.ApplicationFilterChain.internalDoFilter(ApplicationFilterChain.java:193)
	at org.apache.catalina.core.ApplicationFilterChain.doFilter(ApplicationFilterChain.java:166)
	at org.springframework.web.filter.RequestContextFilter.doFilterInternal(RequestContextFilter.java:99)
	at org.springframework.web.filter.OncePerRequestFilter.doFilter(OncePerRequestFilter.java:107)
	at org.apache.catalina.core.ApplicationFilterChain.internalDoFilter(ApplicationFilterChain.java:193)
	at org.apache.catalina.core.ApplicationFilterChain.doFilter(ApplicationFilterChain.java:166)
	at org.springframework.web.filter.HttpPutFormContentFilter.doFilterInternal(HttpPutFormContentFilter.java:108)
	at org.springframework.web.filter.OncePerRequestFilter.doFilter(OncePerRequestFilter.java:107)
	at org.apache.catalina.core.ApplicationFilterChain.internalDoFilter(ApplicationFilterChain.java:193)
	at org.apache.catalina.core.ApplicationFilterChain.doFilter(ApplicationFilterChain.java:166)
	at org.springframework.web.filter.HiddenHttpMethodFilter.doFilterInternal(HiddenHttpMethodFilter.java:81)
	at org.springframework.web.filter.OncePerRequestFilter.doFilter(OncePerRequestFilter.java:107)
	at org.apache.catalina.core.ApplicationFilterChain.internalDoFilter(ApplicationFilterChain.java:193)
	at org.apache.catalina.core.ApplicationFilterChain.doFilter(ApplicationFilterChain.java:166)
	at org.springframework.web.filter.CharacterEncodingFilter.doFilterInternal(CharacterEncodingFilter.java:197)
	at org.springframework.web.filter.OncePerRequestFilter.doFilter(OncePerRequestFilter.java:107)
	at org.apache.catalina.core.ApplicationFilterChain.internalDoFilter(ApplicationFilterChain.java:193)
	at org.apache.catalina.core.ApplicationFilterChain.doFilter(ApplicationFilterChain.java:166)
	at org.apache.catalina.core.StandardWrapperValve.invoke(StandardWrapperValve.java:199)
	at org.apache.catalina.core.StandardContextValve.invoke(StandardContextValve.java:96)
	at org.apache.catalina.authenticator.AuthenticatorBase.invoke(AuthenticatorBase.java:478)
	at org.apache.catalina.core.StandardHostValve.invoke(StandardHostValve.java:140)
	at org.apache.catalina.valves.ErrorReportValve.invoke(ErrorReportValve.java:81)
	at org.apache.catalina.core.StandardEngineValve.invoke(StandardEngineValve.java:87)
	at org.apache.catalina.connector.CoyoteAdapter.service(CoyoteAdapter.java:342)
	at org.apache.coyote.http11.Http11Processor.service(Http11Processor.java:803)
	at org.apache.coyote.AbstractProcessorLight.process(AbstractProcessorLight.java:66)
	at org.apache.coyote.AbstractProtocol$ConnectionHandler.process(AbstractProtocol.java:868)
	at org.apache.tomcat.util.net.NioEndpoint$SocketProcessor.doRun(NioEndpoint.java:1459)
	at org.apache.tomcat.util.net.SocketProcessorBase.run(SocketProcessorBase.java:49)
	at java.util.concurrent.ThreadPoolExecutor.runWorker(ThreadPoolExecutor.java:1142)
	at java.util.concurrent.ThreadPoolExecutor$Worker.run(ThreadPoolExecutor.java:617)
	at org.apache.tomcat.util.threads.TaskThread$WrappingRunnable.run(TaskThread.java:61)
	at java.lang.Thread.run(Thread.java:745)
14:45:54.290 [restartedMain] INFO  com.ricky.travel.TravelApplication - Starting TravelApplication on PC-201702111430 with PID 14160 (E:\idea_workplace\travel\target\classes started by Administrator in E:\idea_workplace\travel)
14:45:54.293 [restartedMain] INFO  com.ricky.travel.TravelApplication - No active profile set, falling back to default profiles: default
14:45:55.977 [restartedMain] INFO  o.a.catalina.core.StandardService - Starting service [Tomcat]
14:45:55.978 [restartedMain] INFO  o.a.catalina.core.StandardEngine - Starting Servlet Engine: Apache Tomcat/8.5.23
14:45:56.050 [localhost-startStop-1] INFO  o.a.c.c.C.[Tomcat].[localhost].[/] - Initializing Spring embedded WebApplicationContext
14:45:56.231 [restartedMain] INFO  com.zaxxer.hikari.HikariDataSource - HikariPool-1 - Started.
14:45:57.416 [restartedMain] WARN  o.t.templatemode.TemplateMode - [THYMELEAF][restartedMain] Template Mode 'HTML5' is deprecated. Using Template Mode 'HTML' instead.
14:45:57.988 [restartedMain] INFO  com.ricky.travel.TravelApplication - Started TravelApplication in 4.006 seconds (JVM running for 5.023)
14:46:11.416 [http-nio-80-exec-1] INFO  o.a.c.c.C.[Tomcat].[localhost].[/] - Initializing Spring FrameworkServlet 'dispatcherServlet'
14:46:20.292 [http-nio-80-exec-3] WARN  o.s.web.servlet.PageNotFound - Request method 'GET' not supported
14:46:20.292 [http-nio-80-exec-3] WARN  o.s.w.s.m.s.DefaultHandlerExceptionResolver - Resolved exception caused by Handler execution: org.springframework.web.HttpRequestMethodNotSupportedException: Request method 'GET' not supported
14:47:06.977 [restartedMain] INFO  com.ricky.travel.TravelApplication - Starting TravelApplication on PC-201702111430 with PID 3912 (E:\idea_workplace\travel\target\classes started by Administrator in E:\idea_workplace\travel)
14:47:06.980 [restartedMain] INFO  com.ricky.travel.TravelApplication - No active profile set, falling back to default profiles: default
14:47:08.757 [restartedMain] INFO  o.a.catalina.core.StandardService - Starting service [Tomcat]
14:47:08.758 [restartedMain] INFO  o.a.catalina.core.StandardEngine - Starting Servlet Engine: Apache Tomcat/8.5.23
14:47:08.843 [localhost-startStop-1] INFO  o.a.c.c.C.[Tomcat].[localhost].[/] - Initializing Spring embedded WebApplicationContext
14:47:09.010 [restartedMain] INFO  com.zaxxer.hikari.HikariDataSource - HikariPool-1 - Started.
14:47:10.148 [restartedMain] WARN  o.t.templatemode.TemplateMode - [THYMELEAF][restartedMain] Template Mode 'HTML5' is deprecated. Using Template Mode 'HTML' instead.
14:47:10.704 [restartedMain] INFO  com.ricky.travel.TravelApplication - Started TravelApplication in 3.995 seconds (JVM running for 5.222)
14:47:21.239 [http-nio-80-exec-2] INFO  o.a.c.c.C.[Tomcat].[localhost].[/] - Initializing Spring FrameworkServlet 'dispatcherServlet'
14:47:28.720 [http-nio-80-exec-3] WARN  o.s.web.servlet.PageNotFound - Request method 'GET' not supported
14:47:28.721 [http-nio-80-exec-3] WARN  o.s.w.s.m.s.DefaultHandlerExceptionResolver - Resolved exception caused by Handler execution: org.springframework.web.HttpRequestMethodNotSupportedException: Request method 'GET' not supported
14:49:09.746 [restartedMain] INFO  com.ricky.travel.TravelApplication - Starting TravelApplication on PC-201702111430 with PID 8064 (E:\idea_workplace\travel\target\classes started by Administrator in E:\idea_workplace\travel)
14:49:09.748 [restartedMain] INFO  com.ricky.travel.TravelApplication - No active profile set, falling back to default profiles: default
14:49:11.653 [restartedMain] INFO  o.a.catalina.core.StandardService - Starting service [Tomcat]
14:49:11.654 [restartedMain] INFO  o.a.catalina.core.StandardEngine - Starting Servlet Engine: Apache Tomcat/8.5.23
14:49:11.731 [localhost-startStop-1] INFO  o.a.c.c.C.[Tomcat].[localhost].[/] - Initializing Spring embedded WebApplicationContext
14:49:11.967 [restartedMain] INFO  com.zaxxer.hikari.HikariDataSource - HikariPool-1 - Started.
14:49:13.217 [restartedMain] WARN  o.t.templatemode.TemplateMode - [THYMELEAF][restartedMain] Template Mode 'HTML5' is deprecated. Using Template Mode 'HTML' instead.
14:49:13.811 [restartedMain] INFO  com.ricky.travel.TravelApplication - Started TravelApplication in 4.37 seconds (JVM running for 5.295)
14:49:24.429 [http-nio-80-exec-2] INFO  o.a.c.c.C.[Tomcat].[localhost].[/] - Initializing Spring FrameworkServlet 'dispatcherServlet'
14:49:39.836 [http-nio-80-exec-5] WARN  o.s.web.servlet.PageNotFound - Request method 'GET' not supported
14:49:39.836 [http-nio-80-exec-5] WARN  o.s.w.s.m.s.DefaultHandlerExceptionResolver - Resolved exception caused by Handler execution: org.springframework.web.HttpRequestMethodNotSupportedException: Request method 'GET' not supported
14:52:04.946 [restartedMain] INFO  com.ricky.travel.TravelApplication - Starting TravelApplication on PC-201702111430 with PID 7260 (E:\idea_workplace\travel\target\classes started by Administrator in E:\idea_workplace\travel)
14:52:04.964 [restartedMain] INFO  com.ricky.travel.TravelApplication - No active profile set, falling back to default profiles: default
14:52:06.654 [restartedMain] INFO  o.a.catalina.core.StandardService - Starting service [Tomcat]
14:52:06.654 [restartedMain] INFO  o.a.catalina.core.StandardEngine - Starting Servlet Engine: Apache Tomcat/8.5.23
14:52:06.740 [localhost-startStop-1] INFO  o.a.c.c.C.[Tomcat].[localhost].[/] - Initializing Spring embedded WebApplicationContext
14:52:06.919 [restartedMain] INFO  com.zaxxer.hikari.HikariDataSource - HikariPool-1 - Started.
14:52:08.182 [restartedMain] WARN  o.t.templatemode.TemplateMode - [THYMELEAF][restartedMain] Template Mode 'HTML5' is deprecated. Using Template Mode 'HTML' instead.
14:52:08.792 [restartedMain] INFO  com.ricky.travel.TravelApplication - Started TravelApplication in 4.185 seconds (JVM running for 5.149)
14:52:09.829 [http-nio-80-exec-2] INFO  o.a.c.c.C.[Tomcat].[localhost].[/] - Initializing Spring FrameworkServlet 'dispatcherServlet'
14:53:00.314 [restartedMain] INFO  com.ricky.travel.TravelApplication - Starting TravelApplication on PC-201702111430 with PID 2612 (E:\idea_workplace\travel\target\classes started by Administrator in E:\idea_workplace\travel)
14:53:00.317 [restartedMain] INFO  com.ricky.travel.TravelApplication - No active profile set, falling back to default profiles: default
14:53:01.962 [restartedMain] INFO  o.a.catalina.core.StandardService - Starting service [Tomcat]
14:53:01.963 [restartedMain] INFO  o.a.catalina.core.StandardEngine - Starting Servlet Engine: Apache Tomcat/8.5.23
14:53:02.057 [localhost-startStop-1] INFO  o.a.c.c.C.[Tomcat].[localhost].[/] - Initializing Spring embedded WebApplicationContext
14:53:02.232 [restartedMain] INFO  com.zaxxer.hikari.HikariDataSource - HikariPool-1 - Started.
14:53:03.425 [restartedMain] WARN  o.t.templatemode.TemplateMode - [THYMELEAF][restartedMain] Template Mode 'HTML5' is deprecated. Using Template Mode 'HTML' instead.
14:53:03.991 [restartedMain] INFO  com.ricky.travel.TravelApplication - Started TravelApplication in 3.98 seconds (JVM running for 5.131)
14:53:11.942 [http-nio-80-exec-1] INFO  o.a.c.c.C.[Tomcat].[localhost].[/] - Initializing Spring FrameworkServlet 'dispatcherServlet'
14:53:16.446 [http-nio-80-exec-3] WARN  o.s.web.servlet.PageNotFound - Request method 'GET' not supported
14:53:16.446 [http-nio-80-exec-3] WARN  o.s.w.s.m.s.DefaultHandlerExceptionResolver - Resolved exception caused by Handler execution: org.springframework.web.HttpRequestMethodNotSupportedException: Request method 'GET' not supported
18:38:42.162 [restartedMain] INFO  com.ricky.travel.TravelApplication - Starting TravelApplication on PC-201702111430 with PID 400 (E:\idea_workplace\travel\target\classes started by Administrator in E:\idea_workplace\travel)
18:38:42.192 [restartedMain] INFO  com.ricky.travel.TravelApplication - No active profile set, falling back to default profiles: default
18:38:45.835 [restartedMain] INFO  o.a.catalina.core.StandardService - Starting service [Tomcat]
18:38:45.836 [restartedMain] INFO  o.a.catalina.core.StandardEngine - Starting Servlet Engine: Apache Tomcat/8.5.23
18:38:45.938 [localhost-startStop-1] INFO  o.a.c.c.C.[Tomcat].[localhost].[/] - Initializing Spring embedded WebApplicationContext
18:38:46.213 [restartedMain] INFO  com.zaxxer.hikari.HikariDataSource - HikariPool-1 - Started.
18:38:48.185 [restartedMain] WARN  o.t.templatemode.TemplateMode - [THYMELEAF][restartedMain] Template Mode 'HTML5' is deprecated. Using Template Mode 'HTML' instead.
18:38:49.215 [restartedMain] INFO  com.ricky.travel.TravelApplication - Started TravelApplication in 7.349 seconds (JVM running for 10.378)
18:39:53.513 [http-nio-80-exec-3] INFO  o.a.c.c.C.[Tomcat].[localhost].[/] - Initializing Spring FrameworkServlet 'dispatcherServlet'
18:41:39.757 [HikariPool-1 housekeeper] WARN  com.zaxxer.hikari.pool.HikariPool - HikariPool-1 - Thread starvation or clock leap detected (housekeeper delta=1m53s258ms13µs64ns).
18:41:39.826 [http-nio-80-exec-10] ERROR o.a.c.c.C.[.[.[.[dispatcherServlet] - Servlet.service() for servlet [dispatcherServlet] in context with path [] threw exception [Request processing failed; nested exception is java.lang.NullPointerException] with root cause
java.lang.NullPointerException: null
	at com.ricky.travel.backgroundController.SceneController.insert(SceneController.java:54)
	at sun.reflect.NativeMethodAccessorImpl.invoke0(Native Method)
	at sun.reflect.NativeMethodAccessorImpl.invoke(NativeMethodAccessorImpl.java:62)
	at sun.reflect.DelegatingMethodAccessorImpl.invoke(DelegatingMethodAccessorImpl.java:43)
	at java.lang.reflect.Method.invoke(Method.java:498)
	at org.springframework.web.method.support.InvocableHandlerMethod.doInvoke(InvocableHandlerMethod.java:205)
	at org.springframework.web.method.support.InvocableHandlerMethod.invokeForRequest(InvocableHandlerMethod.java:133)
	at org.springframework.web.servlet.mvc.method.annotation.ServletInvocableHandlerMethod.invokeAndHandle(ServletInvocableHandlerMethod.java:97)
	at org.springframework.web.servlet.mvc.method.annotation.RequestMappingHandlerAdapter.invokeHandlerMethod(RequestMappingHandlerAdapter.java:827)
	at org.springframework.web.servlet.mvc.method.annotation.RequestMappingHandlerAdapter.handleInternal(RequestMappingHandlerAdapter.java:738)
	at org.springframework.web.servlet.mvc.method.AbstractHandlerMethodAdapter.handle(AbstractHandlerMethodAdapter.java:85)
	at org.springframework.web.servlet.DispatcherServlet.doDispatch(DispatcherServlet.java:967)
	at org.springframework.web.servlet.DispatcherServlet.doService(DispatcherServlet.java:901)
	at org.springframework.web.servlet.FrameworkServlet.processRequest(FrameworkServlet.java:970)
	at org.springframework.web.servlet.FrameworkServlet.doPost(FrameworkServlet.java:872)
	at javax.servlet.http.HttpServlet.service(HttpServlet.java:661)
	at org.springframework.web.servlet.FrameworkServlet.service(FrameworkServlet.java:846)
	at javax.servlet.http.HttpServlet.service(HttpServlet.java:742)
	at org.apache.catalina.core.ApplicationFilterChain.internalDoFilter(ApplicationFilterChain.java:231)
	at org.apache.catalina.core.ApplicationFilterChain.doFilter(ApplicationFilterChain.java:166)
	at org.apache.tomcat.websocket.server.WsFilter.doFilter(WsFilter.java:52)
	at org.apache.catalina.core.ApplicationFilterChain.internalDoFilter(ApplicationFilterChain.java:193)
	at org.apache.catalina.core.ApplicationFilterChain.doFilter(ApplicationFilterChain.java:166)
	at org.springframework.web.filter.RequestContextFilter.doFilterInternal(RequestContextFilter.java:99)
	at org.springframework.web.filter.OncePerRequestFilter.doFilter(OncePerRequestFilter.java:107)
	at org.apache.catalina.core.ApplicationFilterChain.internalDoFilter(ApplicationFilterChain.java:193)
	at org.apache.catalina.core.ApplicationFilterChain.doFilter(ApplicationFilterChain.java:166)
	at org.springframework.web.filter.HttpPutFormContentFilter.doFilterInternal(HttpPutFormContentFilter.java:108)
	at org.springframework.web.filter.OncePerRequestFilter.doFilter(OncePerRequestFilter.java:107)
	at org.apache.catalina.core.ApplicationFilterChain.internalDoFilter(ApplicationFilterChain.java:193)
	at org.apache.catalina.core.ApplicationFilterChain.doFilter(ApplicationFilterChain.java:166)
	at org.springframework.web.filter.HiddenHttpMethodFilter.doFilterInternal(HiddenHttpMethodFilter.java:81)
	at org.springframework.web.filter.OncePerRequestFilter.doFilter(OncePerRequestFilter.java:107)
	at org.apache.catalina.core.ApplicationFilterChain.internalDoFilter(ApplicationFilterChain.java:193)
	at org.apache.catalina.core.ApplicationFilterChain.doFilter(ApplicationFilterChain.java:166)
	at org.springframework.web.filter.CharacterEncodingFilter.doFilterInternal(CharacterEncodingFilter.java:197)
	at org.springframework.web.filter.OncePerRequestFilter.doFilter(OncePerRequestFilter.java:107)
	at org.apache.catalina.core.ApplicationFilterChain.internalDoFilter(ApplicationFilterChain.java:193)
	at org.apache.catalina.core.ApplicationFilterChain.doFilter(ApplicationFilterChain.java:166)
	at org.apache.catalina.core.StandardWrapperValve.invoke(StandardWrapperValve.java:199)
	at org.apache.catalina.core.StandardContextValve.invoke(StandardContextValve.java:96)
	at org.apache.catalina.authenticator.AuthenticatorBase.invoke(AuthenticatorBase.java:478)
	at org.apache.catalina.core.StandardHostValve.invoke(StandardHostValve.java:140)
	at org.apache.catalina.valves.ErrorReportValve.invoke(ErrorReportValve.java:81)
	at org.apache.catalina.core.StandardEngineValve.invoke(StandardEngineValve.java:87)
	at org.apache.catalina.connector.CoyoteAdapter.service(CoyoteAdapter.java:342)
	at org.apache.coyote.http11.Http11Processor.service(Http11Processor.java:803)
	at org.apache.coyote.AbstractProcessorLight.process(AbstractProcessorLight.java:66)
	at org.apache.coyote.AbstractProtocol$ConnectionHandler.process(AbstractProtocol.java:868)
	at org.apache.tomcat.util.net.NioEndpoint$SocketProcessor.doRun(NioEndpoint.java:1459)
	at org.apache.tomcat.util.net.SocketProcessorBase.run(SocketProcessorBase.java:49)
	at java.util.concurrent.ThreadPoolExecutor.runWorker(ThreadPoolExecutor.java:1142)
	at java.util.concurrent.ThreadPoolExecutor$Worker.run(ThreadPoolExecutor.java:617)
	at org.apache.tomcat.util.threads.TaskThread$WrappingRunnable.run(TaskThread.java:61)
	at java.lang.Thread.run(Thread.java:745)
18:41:44.277 [restartedMain] INFO  com.ricky.travel.TravelApplication - Starting TravelApplication on PC-201702111430 with PID 13392 (E:\idea_workplace\travel\target\classes started by Administrator in E:\idea_workplace\travel)
18:41:44.279 [restartedMain] INFO  com.ricky.travel.TravelApplication - No active profile set, falling back to default profiles: default
18:41:46.222 [restartedMain] INFO  o.a.catalina.core.StandardService - Starting service [Tomcat]
18:41:46.223 [restartedMain] INFO  o.a.catalina.core.StandardEngine - Starting Servlet Engine: Apache Tomcat/8.5.23
18:41:46.292 [localhost-startStop-1] INFO  o.a.c.c.C.[Tomcat].[localhost].[/] - Initializing Spring embedded WebApplicationContext
18:41:46.436 [restartedMain] INFO  com.zaxxer.hikari.HikariDataSource - HikariPool-1 - Started.
18:41:47.585 [restartedMain] WARN  o.t.templatemode.TemplateMode - [THYMELEAF][restartedMain] Template Mode 'HTML5' is deprecated. Using Template Mode 'HTML' instead.
18:41:48.003 [restartedMain] INFO  com.ricky.travel.TravelApplication - Started TravelApplication in 4.046 seconds (JVM running for 5.253)
18:41:51.282 [http-nio-80-exec-1] INFO  o.a.c.c.C.[Tomcat].[localhost].[/] - Initializing Spring FrameworkServlet 'dispatcherServlet'
18:44:45.941 [restartedMain] INFO  com.ricky.travel.TravelApplication - Starting TravelApplication on PC-201702111430 with PID 12692 (E:\idea_workplace\travel\target\classes started by Administrator in E:\idea_workplace\travel)
18:44:45.945 [restartedMain] INFO  com.ricky.travel.TravelApplication - No active profile set, falling back to default profiles: default
18:44:47.471 [restartedMain] INFO  o.a.catalina.core.StandardService - Starting service [Tomcat]
18:44:47.472 [restartedMain] INFO  o.a.catalina.core.StandardEngine - Starting Servlet Engine: Apache Tomcat/8.5.23
18:44:47.528 [localhost-startStop-1] INFO  o.a.c.c.C.[Tomcat].[localhost].[/] - Initializing Spring embedded WebApplicationContext
18:44:47.656 [restartedMain] INFO  com.zaxxer.hikari.HikariDataSource - HikariPool-1 - Started.
18:44:48.644 [restartedMain] WARN  o.t.templatemode.TemplateMode - [THYMELEAF][restartedMain] Template Mode 'HTML5' is deprecated. Using Template Mode 'HTML' instead.
18:44:49.050 [restartedMain] INFO  com.ricky.travel.TravelApplication - Started TravelApplication in 3.391 seconds (JVM running for 4.735)
18:44:56.271 [http-nio-80-exec-1] INFO  o.a.c.c.C.[Tomcat].[localhost].[/] - Initializing Spring FrameworkServlet 'dispatcherServlet'
